{"/home/travis/build/npmtest/node-npmtest-jsdoc/test.js":{"path":"/home/travis/build/npmtest/node-npmtest-jsdoc/test.js","s":{"1":2,"2":2,"3":2,"4":2,"5":2,"6":2,"7":2,"8":1,"9":2,"10":2,"11":1,"12":1,"13":1,"14":1,"15":2,"16":2,"17":2,"18":2,"19":1,"20":1,"21":2,"22":2,"23":2,"24":1,"25":1,"26":1,"27":1,"28":1,"29":1,"30":1,"31":1,"32":1,"33":1,"34":1,"35":1,"36":1,"37":2,"38":2,"39":1,"40":2,"41":2,"42":1,"43":2,"44":2,"45":1,"46":2,"47":2,"48":1,"49":1,"50":1,"51":1,"52":1},"b":{"1":[2,1,1,1],"2":[1,1,1,1],"3":[1,1],"4":[1,1],"5":[1,1],"6":[1,1],"7":[1,1],"8":[1,1],"9":[1,1,1],"10":[1,1],"11":[1,1],"12":[1,1],"13":[1,1],"14":[1,1],"15":[1,1],"16":[1,1]},"f":{"1":2,"2":2,"3":2,"4":2,"5":2,"6":1,"7":1,"8":2,"9":2,"10":2,"11":2,"12":1},"fnMap":{"1":{"name":"(anonymous_1)","line":12,"loc":{"start":{"line":12,"column":1},"end":{"line":12,"column":13}}},"2":{"name":"(anonymous_2)","line":19,"loc":{"start":{"line":19,"column":5},"end":{"line":19,"column":17}}},"3":{"name":"(anonymous_3)","line":23,"loc":{"start":{"line":23,"column":24},"end":{"line":23,"column":36}}},"4":{"name":"(anonymous_4)","line":61,"loc":{"start":{"line":61,"column":5},"end":{"line":61,"column":17}}},"5":{"name":"(anonymous_5)","line":82,"loc":{"start":{"line":82,"column":5},"end":{"line":82,"column":17}}},"6":{"name":"(anonymous_6)","line":102,"loc":{"start":{"line":102,"column":83},"end":{"line":105,"column":10}},"skip":true},"7":{"name":"(anonymous_7)","line":113,"loc":{"start":{"line":113,"column":77},"end":{"line":116,"column":10}},"skip":true},"8":{"name":"(anonymous_8)","line":129,"loc":{"start":{"line":129,"column":12},"end":{"line":129,"column":40}},"skip":true},"9":{"name":"(anonymous_9)","line":137,"loc":{"start":{"line":137,"column":77},"end":{"line":140,"column":10}},"skip":true},"10":{"name":"(anonymous_10)","line":148,"loc":{"start":{"line":148,"column":83},"end":{"line":151,"column":10}},"skip":true},"11":{"name":"(anonymous_11)","line":159,"loc":{"start":{"line":159,"column":79},"end":{"line":162,"column":10}},"skip":true},"12":{"name":"(anonymous_12)","line":170,"loc":{"start":{"line":170,"column":75},"end":{"line":173,"column":10}},"skip":true}},"statementMap":{"1":{"start":{"line":12,"column":0},"end":{"line":185,"column":5}},"2":{"start":{"line":14,"column":4},"end":{"line":14,"column":14}},"3":{"start":{"line":19,"column":4},"end":{"line":56,"column":9}},"4":{"start":{"line":21,"column":8},"end":{"line":21,"column":19}},"5":{"start":{"line":23,"column":8},"end":{"line":35,"column":13}},"6":{"start":{"line":24,"column":12},"end":{"line":34,"column":13}},"7":{"start":{"line":25,"column":16},"end":{"line":28,"column":30}},"8":{"start":{"line":30,"column":16},"end":{"line":33,"column":27}},"9":{"start":{"line":37,"column":8},"end":{"line":39,"column":21}},"10":{"start":{"line":40,"column":8},"end":{"line":53,"column":9}},"11":{"start":{"line":43,"column":12},"end":{"line":46,"column":14}},"12":{"start":{"line":47,"column":12},"end":{"line":47,"column":18}},"13":{"start":{"line":50,"column":12},"end":{"line":51,"column":46}},"14":{"start":{"line":52,"column":12},"end":{"line":52,"column":18}},"15":{"start":{"line":55,"column":8},"end":{"line":55,"column":35}},"16":{"start":{"line":61,"column":4},"end":{"line":63,"column":9}},"17":{"start":{"line":62,"column":8},"end":{"line":62,"column":15}},"18":{"start":{"line":64,"column":4},"end":{"line":77,"column":5}},"19":{"start":{"line":70,"column":8},"end":{"line":70,"column":14}},"20":{"start":{"line":76,"column":8},"end":{"line":76,"column":14}},"21":{"start":{"line":82,"column":4},"end":{"line":84,"column":9}},"22":{"start":{"line":83,"column":8},"end":{"line":83,"column":15}},"23":{"start":{"line":85,"column":4},"end":{"line":184,"column":5}},"24":{"start":{"line":92,"column":8},"end":{"line":94,"column":63}},"25":{"start":{"line":95,"column":8},"end":{"line":95,"column":14}},"26":{"start":{"line":102,"column":8},"end":{"line":111,"column":10},"skip":true},"27":{"start":{"line":109,"column":12},"end":{"line":109,"column":55},"skip":true},"28":{"start":{"line":110,"column":12},"end":{"line":110,"column":48},"skip":true},"29":{"start":{"line":113,"column":8},"end":{"line":126,"column":10},"skip":true},"30":{"start":{"line":120,"column":12},"end":{"line":120,"column":76},"skip":true},"31":{"start":{"line":121,"column":12},"end":{"line":121,"column":73},"skip":true},"32":{"start":{"line":122,"column":12},"end":{"line":122,"column":74},"skip":true},"33":{"start":{"line":123,"column":12},"end":{"line":123,"column":79},"skip":true},"34":{"start":{"line":124,"column":12},"end":{"line":124,"column":25},"skip":true},"35":{"start":{"line":125,"column":12},"end":{"line":125,"column":45},"skip":true},"36":{"start":{"line":128,"column":8},"end":{"line":135,"column":14},"skip":true},"37":{"start":{"line":133,"column":16},"end":{"line":133,"column":29},"skip":true},"38":{"start":{"line":134,"column":16},"end":{"line":134,"column":55},"skip":true},"39":{"start":{"line":137,"column":8},"end":{"line":146,"column":10},"skip":true},"40":{"start":{"line":144,"column":12},"end":{"line":144,"column":25},"skip":true},"41":{"start":{"line":145,"column":12},"end":{"line":145,"column":45},"skip":true},"42":{"start":{"line":148,"column":8},"end":{"line":157,"column":10},"skip":true},"43":{"start":{"line":155,"column":12},"end":{"line":155,"column":25},"skip":true},"44":{"start":{"line":156,"column":12},"end":{"line":156,"column":48},"skip":true},"45":{"start":{"line":159,"column":8},"end":{"line":168,"column":10},"skip":true},"46":{"start":{"line":166,"column":12},"end":{"line":166,"column":25},"skip":true},"47":{"start":{"line":167,"column":12},"end":{"line":167,"column":46},"skip":true},"48":{"start":{"line":170,"column":8},"end":{"line":179,"column":10},"skip":true},"49":{"start":{"line":177,"column":12},"end":{"line":177,"column":94},"skip":true},"50":{"start":{"line":178,"column":12},"end":{"line":178,"column":48},"skip":true},"51":{"start":{"line":182,"column":8},"end":{"line":182,"column":35},"skip":true},"52":{"start":{"line":183,"column":8},"end":{"line":183,"column":14},"skip":true}},"branchMap":{"1":{"line":25,"type":"binary-expr","locations":[{"start":{"line":25,"column":23},"end":{"line":25,"column":62}},{"start":{"line":26,"column":20},"end":{"line":26,"column":70}},{"start":{"line":27,"column":20},"end":{"line":27,"column":71}},{"start":{"line":28,"column":20},"end":{"line":28,"column":29}}]},"2":{"line":30,"type":"binary-expr","locations":[{"start":{"line":30,"column":23},"end":{"line":30,"column":37}},{"start":{"line":31,"column":20},"end":{"line":31,"column":61}},{"start":{"line":32,"column":20},"end":{"line":32,"column":70}},{"start":{"line":33,"column":20},"end":{"line":33,"column":26}}]},"3":{"line":37,"type":"cond-expr","locations":[{"start":{"line":38,"column":14},"end":{"line":38,"column":20}},{"start":{"line":39,"column":14},"end":{"line":39,"column":20}}]},"4":{"line":40,"type":"switch","locations":[{"start":{"line":42,"column":8},"end":{"line":47,"column":18}},{"start":{"line":49,"column":8},"end":{"line":52,"column":18}}]},"5":{"line":44,"type":"binary-expr","locations":[{"start":{"line":44,"column":16},"end":{"line":44,"column":44}},{"start":{"line":44,"column":48},"end":{"line":44,"column":66}}]},"6":{"line":50,"type":"binary-expr","locations":[{"start":{"line":50,"column":21},"end":{"line":50,"column":49}},{"start":{"line":50,"column":53},"end":{"line":50,"column":72}}]},"7":{"line":64,"type":"switch","locations":[{"start":{"line":69,"column":4},"end":{"line":70,"column":14}},{"start":{"line":75,"column":4},"end":{"line":76,"column":14}}]},"8":{"line":85,"type":"switch","locations":[{"start":{"line":90,"column":4},"end":{"line":95,"column":14}},{"start":{"line":101,"column":4},"end":{"line":183,"column":14},"skip":true}]},"9":{"line":92,"type":"binary-expr","locations":[{"start":{"line":92,"column":18},"end":{"line":92,"column":32}},{"start":{"line":93,"column":12},"end":{"line":93,"column":53}},{"start":{"line":94,"column":12},"end":{"line":94,"column":61}}]},"10":{"line":102,"type":"binary-expr","locations":[{"start":{"line":102,"column":45},"end":{"line":102,"column":79},"skip":true},{"start":{"line":102,"column":83},"end":{"line":111,"column":9},"skip":true}]},"11":{"line":113,"type":"binary-expr","locations":[{"start":{"line":113,"column":42},"end":{"line":113,"column":73},"skip":true},{"start":{"line":113,"column":77},"end":{"line":126,"column":9},"skip":true}]},"12":{"line":128,"type":"binary-expr","locations":[{"start":{"line":128,"column":48},"end":{"line":128,"column":85},"skip":true},{"start":{"line":129,"column":12},"end":{"line":135,"column":13},"skip":true}]},"13":{"line":137,"type":"binary-expr","locations":[{"start":{"line":137,"column":42},"end":{"line":137,"column":73},"skip":true},{"start":{"line":137,"column":77},"end":{"line":146,"column":9},"skip":true}]},"14":{"line":148,"type":"binary-expr","locations":[{"start":{"line":148,"column":45},"end":{"line":148,"column":79},"skip":true},{"start":{"line":148,"column":83},"end":{"line":157,"column":9},"skip":true}]},"15":{"line":159,"type":"binary-expr","locations":[{"start":{"line":159,"column":43},"end":{"line":159,"column":75},"skip":true},{"start":{"line":159,"column":79},"end":{"line":168,"column":9},"skip":true}]},"16":{"line":170,"type":"binary-expr","locations":[{"start":{"line":170,"column":41},"end":{"line":170,"column":71},"skip":true},{"start":{"line":170,"column":75},"end":{"line":179,"column":9},"skip":true}]}},"code":["/* istanbul instrument in package npmtest_jsdoc */","/*jslint","    bitwise: true,","    browser: true,","    maxerr: 8,","    maxlen: 96,","    node: true,","    nomen: true,","    regexp: true,","    stupid: true","*/","(function () {","    'use strict';","    var local;","","","","    // run shared js-env code - pre-init","    (function () {","        // init local","        local = {};","        // init modeJs","        local.modeJs = (function () {","            try {","                return typeof navigator.userAgent === 'string' &&","                    typeof document.querySelector('body') === 'object' &&","                    typeof XMLHttpRequest.prototype.open === 'function' &&","                    'browser';","            } catch (errorCaughtBrowser) {","                return module.exports &&","                    typeof process.versions.node === 'string' &&","                    typeof require('http').createServer === 'function' &&","                    'node';","            }","        }());","        // init global","        local.global = local.modeJs === 'browser'","            ? window","            : global;","        switch (local.modeJs) {","        // re-init local from window.local","        case 'browser':","            local = local.global.utility2.objectSetDefault(","                local.global.utility2_rollup || local.global.local,","                local.global.utility2","            );","            break;","        // re-init local from example.js","        case 'node':","            local = (local.global.utility2_rollup || require('utility2'))","                .requireExampleJsFromReadme();","            break;","        }","        // export local","        local.global.local = local;","    }());","","","","    // run shared js-env code - function","    (function () {","        return;","    }());","    switch (local.modeJs) {","","","","    // run browser js-env code - function","    case 'browser':","        break;","","","","    // run node js-env code - function","    case 'node':","        break;","    }","","","","    // run shared js-env code - post-init","    (function () {","        return;","    }());","    switch (local.modeJs) {","","","","    // run browser js-env code - post-init","    case 'browser':","        // run tests","        local.nop(local.modeTest &&","            document.querySelector('#testRunButton1') &&","            document.querySelector('#testRunButton1').click());","        break;","","","","    // run node js-env code - post-init","    /* istanbul ignore next */","    case 'node':","        local.testCase_buildApidoc_default = local.testCase_buildApidoc_default || function (","            options,","            onError","        ) {","        /*","         * this function will test buildApidoc's default handling-behavior-behavior","         */","            options = { modulePathList: module.paths };","            local.buildApidoc(options, onError);","        };","","        local.testCase_buildApp_default = local.testCase_buildApp_default || function (","            options,","            onError","        ) {","        /*","         * this function will test buildApp's default handling-behavior-behavior","         */","            local.testCase_buildReadme_default(options, local.onErrorThrow);","            local.testCase_buildLib_default(options, local.onErrorThrow);","            local.testCase_buildTest_default(options, local.onErrorThrow);","            local.testCase_buildCustomOrg_default(options, local.onErrorThrow);","            options = [];","            local.buildApp(options, onError);","        };","","        local.testCase_buildCustomOrg_default = local.testCase_buildCustomOrg_default ||","            function (options, onError) {","            /*","             * this function will test buildCustomOrg's default handling-behavior","             */","                options = {};","                local.buildCustomOrg(options, onError);","            };","","        local.testCase_buildLib_default = local.testCase_buildLib_default || function (","            options,","            onError","        ) {","        /*","         * this function will test buildLib's default handling-behavior","         */","            options = {};","            local.buildLib(options, onError);","        };","","        local.testCase_buildReadme_default = local.testCase_buildReadme_default || function (","            options,","            onError","        ) {","        /*","         * this function will test buildReadme's default handling-behavior-behavior","         */","            options = {};","            local.buildReadme(options, onError);","        };","","        local.testCase_buildTest_default = local.testCase_buildTest_default || function (","            options,","            onError","        ) {","        /*","         * this function will test buildTest's default handling-behavior","         */","            options = {};","            local.buildTest(options, onError);","        };","","        local.testCase_webpage_default = local.testCase_webpage_default || function (","            options,","            onError","        ) {","        /*","         * this function will test webpage's default handling-behavior","         */","            options = { modeCoverageMerge: true, url: local.serverLocalHost + '?modeTest=1' };","            local.browserTest(options, onError);","        };","","        // run test-server","        local.testRunServer(local);","        break;","    }","}());",""],"l":{"12":2,"14":2,"19":2,"21":2,"23":2,"24":2,"25":2,"30":1,"37":2,"40":2,"43":1,"47":1,"50":1,"52":1,"55":2,"61":2,"62":2,"64":2,"70":1,"76":1,"82":2,"83":2,"85":2,"92":1,"95":1,"102":1,"109":1,"110":1,"113":1,"120":1,"121":1,"122":1,"123":1,"124":1,"125":1,"128":1,"133":2,"134":2,"137":1,"144":2,"145":2,"148":1,"155":2,"156":2,"159":1,"166":2,"167":2,"170":1,"177":1,"178":1,"182":1,"183":1}},"/home/travis/build/npmtest/node-npmtest-jsdoc/lib.npmtest_jsdoc.js":{"path":"/home/travis/build/npmtest/node-npmtest-jsdoc/lib.npmtest_jsdoc.js","s":{"1":2,"2":2,"3":2,"4":2,"5":2,"6":2,"7":2,"8":1,"9":2,"10":2,"11":2,"12":2,"13":1,"14":1,"15":1,"16":1},"b":{"1":[2,1,1,1],"2":[1,1,1,1],"3":[1,1],"4":[2,2],"5":[1,1]},"f":{"1":2,"2":2,"3":2},"fnMap":{"1":{"name":"(anonymous_1)","line":12,"loc":{"start":{"line":12,"column":1},"end":{"line":12,"column":13}}},"2":{"name":"(anonymous_2)","line":19,"loc":{"start":{"line":19,"column":5},"end":{"line":19,"column":17}}},"3":{"name":"(anonymous_3)","line":23,"loc":{"start":{"line":23,"column":24},"end":{"line":23,"column":36}}}},"statementMap":{"1":{"start":{"line":12,"column":0},"end":{"line":53,"column":5}},"2":{"start":{"line":14,"column":4},"end":{"line":14,"column":14}},"3":{"start":{"line":19,"column":4},"end":{"line":52,"column":9}},"4":{"start":{"line":21,"column":8},"end":{"line":21,"column":19}},"5":{"start":{"line":23,"column":8},"end":{"line":35,"column":13}},"6":{"start":{"line":24,"column":12},"end":{"line":34,"column":13}},"7":{"start":{"line":25,"column":16},"end":{"line":28,"column":30}},"8":{"start":{"line":30,"column":16},"end":{"line":33,"column":27}},"9":{"start":{"line":37,"column":8},"end":{"line":39,"column":21}},"10":{"start":{"line":41,"column":8},"end":{"line":41,"column":54}},"11":{"start":{"line":43,"column":8},"end":{"line":43,"column":50}},"12":{"start":{"line":45,"column":8},"end":{"line":51,"column":9}},"13":{"start":{"line":46,"column":12},"end":{"line":46,"column":56}},"14":{"start":{"line":48,"column":12},"end":{"line":48,"column":35}},"15":{"start":{"line":49,"column":12},"end":{"line":49,"column":49}},"16":{"start":{"line":50,"column":12},"end":{"line":50,"column":43}}},"branchMap":{"1":{"line":25,"type":"binary-expr","locations":[{"start":{"line":25,"column":23},"end":{"line":25,"column":62}},{"start":{"line":26,"column":20},"end":{"line":26,"column":70}},{"start":{"line":27,"column":20},"end":{"line":27,"column":71}},{"start":{"line":28,"column":20},"end":{"line":28,"column":29}}]},"2":{"line":30,"type":"binary-expr","locations":[{"start":{"line":30,"column":23},"end":{"line":30,"column":37}},{"start":{"line":31,"column":20},"end":{"line":31,"column":61}},{"start":{"line":32,"column":20},"end":{"line":32,"column":70}},{"start":{"line":33,"column":20},"end":{"line":33,"column":26}}]},"3":{"line":37,"type":"cond-expr","locations":[{"start":{"line":38,"column":14},"end":{"line":38,"column":20}},{"start":{"line":39,"column":14},"end":{"line":39,"column":20}}]},"4":{"line":41,"type":"binary-expr","locations":[{"start":{"line":41,"column":16},"end":{"line":41,"column":44}},{"start":{"line":41,"column":48},"end":{"line":41,"column":53}}]},"5":{"line":45,"type":"if","locations":[{"start":{"line":45,"column":8},"end":{"line":45,"column":8}},{"start":{"line":45,"column":8},"end":{"line":45,"column":8}}]}},"code":["/* istanbul instrument in package npmtest_jsdoc */","/*jslint","    bitwise: true,","    browser: true,","    maxerr: 8,","    maxlen: 96,","    node: true,","    nomen: true,","    regexp: true,","    stupid: true","*/","(function () {","    'use strict';","    var local;","","","","    // run shared js-env code - pre-init","    (function () {","        // init local","        local = {};","        // init modeJs","        local.modeJs = (function () {","            try {","                return typeof navigator.userAgent === 'string' &&","                    typeof document.querySelector('body') === 'object' &&","                    typeof XMLHttpRequest.prototype.open === 'function' &&","                    'browser';","            } catch (errorCaughtBrowser) {","                return module.exports &&","                    typeof process.versions.node === 'string' &&","                    typeof require('http').createServer === 'function' &&","                    'node';","            }","        }());","        // init global","        local.global = local.modeJs === 'browser'","            ? window","            : global;","        // init utility2_rollup","        local = local.global.utility2_rollup || local;","        // init lib","        local.local = local.npmtest_jsdoc = local;","        // init exports","        if (local.modeJs === 'browser') {","            local.global.utility2_npmtest_jsdoc = local;","        } else {","            module.exports = local;","            module.exports.__dirname = __dirname;","            module.exports.module = module;","        }","    }());","}());",""],"l":{"12":2,"14":2,"19":2,"21":2,"23":2,"24":2,"25":2,"30":1,"37":2,"41":2,"43":2,"45":2,"46":1,"48":1,"49":1,"50":1}},"/home/travis/build/npmtest/node-npmtest-jsdoc/example.js":{"path":"/home/travis/build/npmtest/node-npmtest-jsdoc/example.js","s":{"1":2,"2":2,"3":2,"4":2,"5":2,"6":2,"7":2,"8":1,"9":2,"10":2,"11":2,"12":2,"13":1,"14":2,"15":2,"16":2,"17":2,"18":2,"19":0,"20":2,"21":1,"22":1,"23":1,"24":1,"25":1,"26":0,"27":0,"28":1,"29":1,"30":2,"31":0,"32":0,"33":0,"34":1,"35":2,"36":2,"37":2,"38":2,"39":2,"40":2,"41":0,"42":2,"43":2,"44":2,"45":1,"46":3,"47":1,"48":1,"49":1,"50":1,"51":1,"52":1,"53":1,"54":1,"55":1,"56":1,"57":0,"58":1,"59":6,"60":6,"61":1,"62":2,"63":0,"64":2,"65":1,"66":1,"67":0,"68":0,"69":0,"70":0,"71":0,"72":0,"73":0,"74":0,"75":0,"76":0,"77":0,"78":0,"79":0,"80":0,"81":0,"82":0,"83":0},"b":{"1":[2,1,1,1],"2":[1,1,1,1],"3":[1,1],"4":[2,2],"5":[1,1],"6":[1,1],"7":[2,0],"8":[2,1,1,1,1,1],"9":[0,2,0],"10":[1,1],"11":[2,1,1],"12":[1,0],"13":[0,2],"14":[2,0,0,0,0,0,0],"15":[0,2],"16":[2,0],"17":[1,1],"18":[0,1],"19":[1,2,0,2],"20":[1,0],"21":[1,1],"22":[0,0],"23":[0,0],"24":[0,0],"25":[0,0],"26":[0,0],"27":[0,0],"28":[0,0]},"f":{"1":2,"2":2,"3":2,"4":2,"5":2,"6":2,"7":2,"8":2,"9":3,"10":1,"11":6,"12":0},"fnMap":{"1":{"name":"(anonymous_1)","line":26,"loc":{"start":{"line":26,"column":1},"end":{"line":26,"column":13}}},"2":{"name":"(anonymous_2)","line":33,"loc":{"start":{"line":33,"column":5},"end":{"line":33,"column":17}}},"3":{"name":"(anonymous_3)","line":37,"loc":{"start":{"line":37,"column":24},"end":{"line":37,"column":36}}},"4":{"name":"(anonymous_4)","line":69,"loc":{"start":{"line":69,"column":31},"end":{"line":69,"column":48}},"skip":true},"5":{"name":"(anonymous_5)","line":78,"loc":{"start":{"line":78,"column":26},"end":{"line":78,"column":45}},"skip":true},"6":{"name":"(anonymous_6)","line":123,"loc":{"start":{"line":123,"column":33},"end":{"line":123,"column":48}},"skip":true},"7":{"name":"(anonymous_7)","line":125,"loc":{"start":{"line":125,"column":27},"end":{"line":125,"column":39}},"skip":true},"8":{"name":"(anonymous_8)","line":133,"loc":{"start":{"line":133,"column":59},"end":{"line":133,"column":74}},"skip":true},"9":{"name":"(anonymous_9)","line":143,"loc":{"start":{"line":143,"column":45},"end":{"line":143,"column":62}},"skip":true},"10":{"name":"(anonymous_10)","line":144,"loc":{"start":{"line":144,"column":73},"end":{"line":144,"column":92}},"skip":true},"11":{"name":"(anonymous_11)","line":272,"loc":{"start":{"line":272,"column":51},"end":{"line":272,"column":77}},"skip":true},"12":{"name":"(anonymous_12)","line":314,"loc":{"start":{"line":314,"column":32},"end":{"line":314,"column":61}},"skip":true}},"statementMap":{"1":{"start":{"line":26,"column":0},"end":{"line":325,"column":5}},"2":{"start":{"line":28,"column":4},"end":{"line":28,"column":14}},"3":{"start":{"line":33,"column":4},"end":{"line":60,"column":9}},"4":{"start":{"line":35,"column":8},"end":{"line":35,"column":19}},"5":{"start":{"line":37,"column":8},"end":{"line":49,"column":13}},"6":{"start":{"line":38,"column":12},"end":{"line":48,"column":13}},"7":{"start":{"line":39,"column":16},"end":{"line":42,"column":30}},"8":{"start":{"line":44,"column":16},"end":{"line":47,"column":27}},"9":{"start":{"line":51,"column":8},"end":{"line":53,"column":21}},"10":{"start":{"line":55,"column":8},"end":{"line":57,"column":45}},"11":{"start":{"line":59,"column":8},"end":{"line":59,"column":35}},"12":{"start":{"line":61,"column":4},"end":{"line":324,"column":5}},"13":{"start":{"line":69,"column":8},"end":{"line":121,"column":10},"skip":true},"14":{"start":{"line":70,"column":12},"end":{"line":88,"column":13},"skip":true},"15":{"start":{"line":76,"column":16},"end":{"line":87,"column":19},"skip":true},"16":{"start":{"line":79,"column":20},"end":{"line":86,"column":21},"skip":true},"17":{"start":{"line":82,"column":24},"end":{"line":82,"column":43},"skip":true},"18":{"start":{"line":83,"column":24},"end":{"line":83,"column":30},"skip":true},"19":{"start":{"line":85,"column":24},"end":{"line":85,"column":49},"skip":true},"20":{"start":{"line":89,"column":12},"end":{"line":107,"column":13},"skip":true},"21":{"start":{"line":92,"column":16},"end":{"line":102,"column":17},"skip":true},"22":{"start":{"line":93,"column":20},"end":{"line":93,"column":86},"skip":true},"23":{"start":{"line":94,"column":20},"end":{"line":95,"column":45},"skip":true},"24":{"start":{"line":96,"column":20},"end":{"line":96,"column":42},"skip":true},"25":{"start":{"line":97,"column":20},"end":{"line":97,"column":48},"skip":true},"26":{"start":{"line":100,"column":20},"end":{"line":100,"column":85},"skip":true},"27":{"start":{"line":101,"column":20},"end":{"line":101,"column":96},"skip":true},"28":{"start":{"line":103,"column":16},"end":{"line":103,"column":22},"skip":true},"29":{"start":{"line":106,"column":16},"end":{"line":106,"column":22},"skip":true},"30":{"start":{"line":108,"column":12},"end":{"line":120,"column":13},"skip":true},"31":{"start":{"line":114,"column":16},"end":{"line":119,"column":17},"skip":true},"32":{"start":{"line":116,"column":20},"end":{"line":116,"column":78},"skip":true},"33":{"start":{"line":118,"column":20},"end":{"line":118,"column":47},"skip":true},"34":{"start":{"line":123,"column":8},"end":{"line":141,"column":11},"skip":true},"35":{"start":{"line":124,"column":12},"end":{"line":124,"column":54},"skip":true},"36":{"start":{"line":125,"column":12},"end":{"line":140,"column":14},"skip":true},"37":{"start":{"line":126,"column":16},"end":{"line":126,"column":28},"skip":true},"38":{"start":{"line":127,"column":16},"end":{"line":127,"column":69},"skip":true},"39":{"start":{"line":128,"column":16},"end":{"line":128,"column":75},"skip":true},"40":{"start":{"line":129,"column":16},"end":{"line":131,"column":17},"skip":true},"41":{"start":{"line":130,"column":20},"end":{"line":130,"column":27},"skip":true},"42":{"start":{"line":133,"column":16},"end":{"line":137,"column":36},"skip":true},"43":{"start":{"line":134,"column":20},"end":{"line":136,"column":55},"skip":true},"44":{"start":{"line":139,"column":16},"end":{"line":139,"column":57},"skip":true},"45":{"start":{"line":143,"column":8},"end":{"line":147,"column":11},"skip":true},"46":{"start":{"line":144,"column":12},"end":{"line":146,"column":15},"skip":true},"47":{"start":{"line":145,"column":16},"end":{"line":145,"column":70},"skip":true},"48":{"start":{"line":149,"column":8},"end":{"line":149,"column":31},"skip":true},"49":{"start":{"line":150,"column":8},"end":{"line":150,"column":14},"skip":true},"50":{"start":{"line":158,"column":8},"end":{"line":158,"column":31},"skip":true},"51":{"start":{"line":160,"column":8},"end":{"line":160,"column":33},"skip":true},"52":{"start":{"line":161,"column":8},"end":{"line":161,"column":37},"skip":true},"53":{"start":{"line":162,"column":8},"end":{"line":162,"column":35},"skip":true},"54":{"start":{"line":164,"column":8},"end":{"line":164,"column":50},"skip":true},"55":{"start":{"line":166,"column":8},"end":{"line":256,"column":2},"skip":true},"56":{"start":{"line":258,"column":8},"end":{"line":286,"column":9},"skip":true},"57":{"start":{"line":259,"column":12},"end":{"line":269,"column":14},"skip":true},"58":{"start":{"line":271,"column":12},"end":{"line":285,"column":19},"skip":true},"59":{"start":{"line":274,"column":20},"end":{"line":274,"column":35},"skip":true},"60":{"start":{"line":275,"column":20},"end":{"line":284,"column":21},"skip":true},"61":{"start":{"line":277,"column":24},"end":{"line":277,"column":64},"skip":true},"62":{"start":{"line":279,"column":24},"end":{"line":279,"column":40},"skip":true},"63":{"start":{"line":281,"column":24},"end":{"line":281,"column":40},"skip":true},"64":{"start":{"line":283,"column":24},"end":{"line":283,"column":39},"skip":true},"65":{"start":{"line":288,"column":8},"end":{"line":290,"column":9},"skip":true},"66":{"start":{"line":289,"column":12},"end":{"line":289,"column":18},"skip":true},"67":{"start":{"line":291,"column":8},"end":{"line":293,"column":54},"skip":true},"68":{"start":{"line":294,"column":8},"end":{"line":301,"column":37},"skip":true},"69":{"start":{"line":302,"column":8},"end":{"line":302,"column":82},"skip":true},"70":{"start":{"line":305,"column":8},"end":{"line":307,"column":9},"skip":true},"71":{"start":{"line":306,"column":12},"end":{"line":306,"column":82},"skip":true},"72":{"start":{"line":309,"column":8},"end":{"line":311,"column":9},"skip":true},"73":{"start":{"line":310,"column":12},"end":{"line":310,"column":18},"skip":true},"74":{"start":{"line":312,"column":8},"end":{"line":312,"column":54},"skip":true},"75":{"start":{"line":313,"column":8},"end":{"line":313,"column":69},"skip":true},"76":{"start":{"line":314,"column":8},"end":{"line":322,"column":36},"skip":true},"77":{"start":{"line":315,"column":12},"end":{"line":315,"column":61},"skip":true},"78":{"start":{"line":316,"column":12},"end":{"line":319,"column":13},"skip":true},"79":{"start":{"line":317,"column":16},"end":{"line":317,"column":75},"skip":true},"80":{"start":{"line":318,"column":16},"end":{"line":318,"column":23},"skip":true},"81":{"start":{"line":320,"column":12},"end":{"line":320,"column":38},"skip":true},"82":{"start":{"line":321,"column":12},"end":{"line":321,"column":27},"skip":true},"83":{"start":{"line":323,"column":8},"end":{"line":323,"column":14},"skip":true}},"branchMap":{"1":{"line":39,"type":"binary-expr","locations":[{"start":{"line":39,"column":23},"end":{"line":39,"column":62}},{"start":{"line":40,"column":20},"end":{"line":40,"column":70}},{"start":{"line":41,"column":20},"end":{"line":41,"column":71}},{"start":{"line":42,"column":20},"end":{"line":42,"column":29}}]},"2":{"line":44,"type":"binary-expr","locations":[{"start":{"line":44,"column":23},"end":{"line":44,"column":37}},{"start":{"line":45,"column":20},"end":{"line":45,"column":61}},{"start":{"line":46,"column":20},"end":{"line":46,"column":70}},{"start":{"line":47,"column":20},"end":{"line":47,"column":26}}]},"3":{"line":51,"type":"cond-expr","locations":[{"start":{"line":52,"column":14},"end":{"line":52,"column":20}},{"start":{"line":53,"column":14},"end":{"line":53,"column":20}}]},"4":{"line":55,"type":"binary-expr","locations":[{"start":{"line":55,"column":16},"end":{"line":55,"column":44}},{"start":{"line":55,"column":49},"end":{"line":57,"column":43}}]},"5":{"line":55,"type":"cond-expr","locations":[{"start":{"line":56,"column":14},"end":{"line":56,"column":49}},{"start":{"line":57,"column":14},"end":{"line":57,"column":43}}]},"6":{"line":61,"type":"switch","locations":[{"start":{"line":68,"column":4},"end":{"line":150,"column":14},"skip":true},{"start":{"line":156,"column":4},"end":{"line":323,"column":14},"skip":true}]},"7":{"line":70,"type":"if","locations":[{"start":{"line":70,"column":12},"end":{"line":70,"column":12},"skip":true},{"start":{"line":70,"column":12},"end":{"line":70,"column":12},"skip":true}]},"8":{"line":70,"type":"binary-expr","locations":[{"start":{"line":70,"column":16},"end":{"line":70,"column":22},"skip":true},{"start":{"line":70,"column":27},"end":{"line":70,"column":32},"skip":true},{"start":{"line":71,"column":20},"end":{"line":71,"column":39},"skip":true},{"start":{"line":72,"column":20},"end":{"line":72,"column":49},"skip":true},{"start":{"line":73,"column":20},"end":{"line":73,"column":58},"skip":true},{"start":{"line":74,"column":20},"end":{"line":74,"column":69},"skip":true}]},"9":{"line":79,"type":"switch","locations":[{"start":{"line":80,"column":20},"end":{"line":80,"column":33},"skip":true},{"start":{"line":81,"column":20},"end":{"line":83,"column":30},"skip":true},{"start":{"line":84,"column":20},"end":{"line":85,"column":49},"skip":true}]},"10":{"line":89,"type":"switch","locations":[{"start":{"line":90,"column":12},"end":{"line":103,"column":22},"skip":true},{"start":{"line":105,"column":12},"end":{"line":106,"column":22},"skip":true}]},"11":{"line":89,"type":"binary-expr","locations":[{"start":{"line":89,"column":20},"end":{"line":89,"column":25},"skip":true},{"start":{"line":89,"column":29},"end":{"line":89,"column":48},"skip":true},{"start":{"line":89,"column":52},"end":{"line":89,"column":74},"skip":true}]},"12":{"line":92,"type":"if","locations":[{"start":{"line":92,"column":16},"end":{"line":92,"column":16},"skip":true},{"start":{"line":92,"column":16},"end":{"line":92,"column":16},"skip":true}]},"13":{"line":108,"type":"if","locations":[{"start":{"line":108,"column":12},"end":{"line":108,"column":12},"skip":true},{"start":{"line":108,"column":12},"end":{"line":108,"column":12},"skip":true}]},"14":{"line":108,"type":"binary-expr","locations":[{"start":{"line":108,"column":16},"end":{"line":108,"column":61},"skip":true},{"start":{"line":108,"column":66},"end":{"line":108,"column":72},"skip":true},{"start":{"line":108,"column":77},"end":{"line":108,"column":82},"skip":true},{"start":{"line":109,"column":20},"end":{"line":109,"column":39},"skip":true},{"start":{"line":110,"column":20},"end":{"line":110,"column":49},"skip":true},{"start":{"line":111,"column":20},"end":{"line":111,"column":58},"skip":true},{"start":{"line":112,"column":20},"end":{"line":112,"column":68},"skip":true}]},"15":{"line":129,"type":"if","locations":[{"start":{"line":129,"column":16},"end":{"line":129,"column":16},"skip":true},{"start":{"line":129,"column":16},"end":{"line":129,"column":16},"skip":true}]},"16":{"line":134,"type":"cond-expr","locations":[{"start":{"line":135,"column":26},"end":{"line":135,"column":29},"skip":true},{"start":{"line":136,"column":26},"end":{"line":136,"column":54},"skip":true}]},"17":{"line":164,"type":"binary-expr","locations":[{"start":{"line":164,"column":27},"end":{"line":164,"column":43},"skip":true},{"start":{"line":164,"column":47},"end":{"line":164,"column":49},"skip":true}]},"18":{"line":258,"type":"if","locations":[{"start":{"line":258,"column":8},"end":{"line":258,"column":8},"skip":true},{"start":{"line":258,"column":8},"end":{"line":258,"column":8},"skip":true}]},"19":{"line":275,"type":"switch","locations":[{"start":{"line":276,"column":20},"end":{"line":277,"column":64},"skip":true},{"start":{"line":278,"column":20},"end":{"line":279,"column":40},"skip":true},{"start":{"line":280,"column":20},"end":{"line":281,"column":40},"skip":true},{"start":{"line":282,"column":20},"end":{"line":283,"column":39},"skip":true}]},"20":{"line":288,"type":"if","locations":[{"start":{"line":288,"column":8},"end":{"line":288,"column":8},"skip":true},{"start":{"line":288,"column":8},"end":{"line":288,"column":8},"skip":true}]},"21":{"line":288,"type":"binary-expr","locations":[{"start":{"line":288,"column":12},"end":{"line":288,"column":40},"skip":true},{"start":{"line":288,"column":44},"end":{"line":288,"column":67},"skip":true}]},"22":{"line":292,"type":"binary-expr","locations":[{"start":{"line":292,"column":12},"end":{"line":292,"column":50},"skip":true},{"start":{"line":293,"column":12},"end":{"line":293,"column":53},"skip":true}]},"23":{"line":295,"type":"binary-expr","locations":[{"start":{"line":295,"column":12},"end":{"line":295,"column":63},"skip":true},{"start":{"line":296,"column":12},"end":{"line":301,"column":36},"skip":true}]},"24":{"line":302,"type":"binary-expr","locations":[{"start":{"line":302,"column":43},"end":{"line":302,"column":75},"skip":true},{"start":{"line":302,"column":79},"end":{"line":302,"column":81},"skip":true}]},"25":{"line":305,"type":"if","locations":[{"start":{"line":305,"column":8},"end":{"line":305,"column":8},"skip":true},{"start":{"line":305,"column":8},"end":{"line":305,"column":8},"skip":true}]},"26":{"line":309,"type":"if","locations":[{"start":{"line":309,"column":8},"end":{"line":309,"column":8},"skip":true},{"start":{"line":309,"column":8},"end":{"line":309,"column":8},"skip":true}]},"27":{"line":312,"type":"binary-expr","locations":[{"start":{"line":312,"column":27},"end":{"line":312,"column":43},"skip":true},{"start":{"line":312,"column":47},"end":{"line":312,"column":53},"skip":true}]},"28":{"line":316,"type":"if","locations":[{"start":{"line":316,"column":12},"end":{"line":316,"column":12},"skip":true},{"start":{"line":316,"column":12},"end":{"line":316,"column":12},"skip":true}]}},"code":["/*","example.js","","quickstart example","","instruction","    1. save this script as example.js","    2. run the shell command:","        $ npm install npmtest-jsdoc && PORT=8081 node example.js","    3. play with the browser-demo on http://127.0.0.1:8081","*/","","","","/* istanbul instrument in package npmtest_jsdoc */","/*jslint","    bitwise: true,","    browser: true,","    maxerr: 8,","    maxlen: 96,","    node: true,","    nomen: true,","    regexp: true,","    stupid: true","*/","(function () {","    'use strict';","    var local;","","","","    // run shared js-env code - pre-init","    (function () {","        // init local","        local = {};","        // init modeJs","        local.modeJs = (function () {","            try {","                return typeof navigator.userAgent === 'string' &&","                    typeof document.querySelector('body') === 'object' &&","                    typeof XMLHttpRequest.prototype.open === 'function' &&","                    'browser';","            } catch (errorCaughtBrowser) {","                return module.exports &&","                    typeof process.versions.node === 'string' &&","                    typeof require('http').createServer === 'function' &&","                    'node';","            }","        }());","        // init global","        local.global = local.modeJs === 'browser'","            ? window","            : global;","        // init utility2_rollup","        local = local.global.utility2_rollup || (local.modeJs === 'browser'","            ? local.global.utility2_npmtest_jsdoc","            : global.utility2_moduleExports);","        // export local","        local.global.local = local;","    }());","    switch (local.modeJs) {","","","","    // post-init","    // run browser js-env code - post-init","    /* istanbul ignore next */","    case 'browser':","        local.testRunBrowser = function (event) {","            if (!event || (event &&","                    event.currentTarget &&","                    event.currentTarget.className &&","                    event.currentTarget.className.includes &&","                    event.currentTarget.className.includes('onreset'))) {","                // reset output","                Array.from(","                    document.querySelectorAll('body > .resettable')","                ).forEach(function (element) {","                    switch (element.tagName) {","                    case 'INPUT':","                    case 'TEXTAREA':","                        element.value = '';","                        break;","                    default:","                        element.textContent = '';","                    }","                });","            }","            switch (event && event.currentTarget && event.currentTarget.id) {","            case 'testRunButton1':","                // show tests","                if (document.querySelector('#testReportDiv1').style.display === 'none') {","                    document.querySelector('#testReportDiv1').style.display = 'block';","                    document.querySelector('#testRunButton1').textContent =","                        'hide internal test';","                    local.modeTest = true;","                    local.testRunDefault(local);","                // hide tests","                } else {","                    document.querySelector('#testReportDiv1').style.display = 'none';","                    document.querySelector('#testRunButton1').textContent = 'run internal test';","                }","                break;","            // custom-case","            default:","                break;","            }","            if (document.querySelector('#inputTextareaEval1') && (!event || (event &&","                    event.currentTarget &&","                    event.currentTarget.className &&","                    event.currentTarget.className.includes &&","                    event.currentTarget.className.includes('oneval')))) {","                // try to eval input-code","                try {","                    /*jslint evil: true*/","                    eval(document.querySelector('#inputTextareaEval1').value);","                } catch (errorCaught) {","                    console.error(errorCaught);","                }","            }","        };","        // log stderr and stdout to #outputTextareaStdout1","        ['error', 'log'].forEach(function (key) {","            console[key + '_original'] = console[key];","            console[key] = function () {","                var element;","                console[key + '_original'].apply(console, arguments);","                element = document.querySelector('#outputTextareaStdout1');","                if (!element) {","                    return;","                }","                // append text to #outputTextareaStdout1","                element.value += Array.from(arguments).map(function (arg) {","                    return typeof arg === 'string'","                        ? arg","                        : JSON.stringify(arg, null, 4);","                }).join(' ') + '\\n';","                // scroll textarea to bottom","                element.scrollTop = element.scrollHeight;","            };","        });","        // init event-handling","        ['change', 'click', 'keyup'].forEach(function (event) {","            Array.from(document.querySelectorAll('.on' + event)).forEach(function (element) {","                element.addEventListener(event, local.testRunBrowser);","            });","        });","        // run tests","        local.testRunBrowser();","        break;","","","","    // run node js-env code - post-init","    /* istanbul ignore next */","    case 'node':","        // export local","        module.exports = local;","        // require modules","        local.fs = require('fs');","        local.http = require('http');","        local.url = require('url');","        // init assets","        local.assetsDict = local.assetsDict || {};","        /* jslint-ignore-begin */","        local.assetsDict['/assets.index.template.html'] = '\\","<!doctype html>\\n\\","<html lang=\"en\">\\n\\","<head>\\n\\","<meta charset=\"UTF-8\">\\n\\","<meta name=\"viewport\" content=\"width=device-width, initial-scale=1\">\\n\\","<title>{{env.npm_package_name}} (v{{env.npm_package_version}})</title>\\n\\","<style>\\n\\","/*csslint\\n\\","    box-sizing: false,\\n\\","    universal-selector: false\\n\\","*/\\n\\","* {\\n\\","    box-sizing: border-box;\\n\\","}\\n\\","body {\\n\\","    background: #dde;\\n\\","    font-family: Arial, Helvetica, sans-serif;\\n\\","    margin: 2rem;\\n\\","}\\n\\","body > * {\\n\\","    margin-bottom: 1rem;\\n\\","}\\n\\",".utility2FooterDiv {\\n\\","    margin-top: 20px;\\n\\","    text-align: center;\\n\\","}\\n\\","</style>\\n\\","<style>\\n\\","/*csslint\\n\\","*/\\n\\","textarea {\\n\\","    font-family: monospace;\\n\\","    height: 10rem;\\n\\","    width: 100%;\\n\\","}\\n\\","textarea[readonly] {\\n\\","    background: #ddd;\\n\\","}\\n\\","</style>\\n\\","</head>\\n\\","<body>\\n\\","<!-- utility2-comment\\n\\","<div id=\"ajaxProgressDiv1\" style=\"background: #d00; height: 2px; left: 0; margin: 0; padding: 0; position: fixed; top: 0; transition: background 0.5s, width 1.5s; width: 25%;\"></div>\\n\\","utility2-comment -->\\n\\","<h1>\\n\\","<!-- utility2-comment\\n\\","    <a\\n\\","        {{#if env.npm_package_homepage}}\\n\\","        href=\"{{env.npm_package_homepage}}\"\\n\\","        {{/if env.npm_package_homepage}}\\n\\","        target=\"_blank\"\\n\\","    >\\n\\","utility2-comment -->\\n\\","        {{env.npm_package_name}} (v{{env.npm_package_version}})\\n\\","<!-- utility2-comment\\n\\","    </a>\\n\\","utility2-comment -->\\n\\","</h1>\\n\\","<h3>{{env.npm_package_description}}</h3>\\n\\","<!-- utility2-comment\\n\\","<h4><a download href=\"assets.app.js\">download standalone app</a></h4>\\n\\","<button class=\"onclick onreset\" id=\"testRunButton1\">run internal test</button><br>\\n\\","<div id=\"testReportDiv1\" style=\"display: none;\"></div>\\n\\","utility2-comment -->\\n\\","\\n\\","\\n\\","\\n\\","<label>stderr and stdout</label>\\n\\","<textarea class=\"resettable\" id=\"outputTextareaStdout1\" readonly></textarea>\\n\\","<!-- utility2-comment\\n\\","{{#if isRollup}}\\n\\","<script src=\"assets.app.js\"></script>\\n\\","{{#unless isRollup}}\\n\\","utility2-comment -->\\n\\","<script src=\"assets.utility2.rollup.js\"></script>\\n\\","<script src=\"jsonp.utility2._stateInit?callback=window.utility2._stateInit\"></script>\\n\\","<script src=\"assets.npmtest_jsdoc.rollup.js\"></script>\\n\\","<script src=\"assets.example.js\"></script>\\n\\","<script src=\"assets.test.js\"></script>\\n\\","<!-- utility2-comment\\n\\","{{/if isRollup}}\\n\\","utility2-comment -->\\n\\","<div class=\"utility2FooterDiv\">\\n\\","    [ this app was created with\\n\\","    <a href=\"https://github.com/kaizhu256/node-utility2\" target=\"_blank\">utility2</a>\\n\\","    ]\\n\\","</div>\\n\\","</body>\\n\\","</html>\\n\\","';","        /* jslint-ignore-end */","        if (local.templateRender) {","            local.assetsDict['/'] = local.templateRender(","                local.assetsDict['/assets.index.template.html'],","                {","                    env: local.objectSetDefault(local.env, {","                        npm_package_description: 'the greatest app in the world!',","                        npm_package_name: 'my-app',","                        npm_package_nameAlias: 'my_app',","                        npm_package_version: '0.0.1'","                    })","                }","            );","        } else {","            local.assetsDict['/'] = local.assetsDict['/assets.index.template.html']","                .replace((/\\{\\{env\\.(\\w+?)\\}\\}/g), function (match0, match1) {","                    // jslint-hack","                    String(match0);","                    switch (match1) {","                    case 'npm_package_description':","                        return 'the greatest app in the world!';","                    case 'npm_package_name':","                        return 'my-app';","                    case 'npm_package_nameAlias':","                        return 'my_app';","                    case 'npm_package_version':","                        return '0.0.1';","                    }","                });","        }","        // run the cli","        if (local.global.utility2_rollup || module !== require.main) {","            break;","        }","        local.assetsDict['/assets.example.js'] =","            local.assetsDict['/assets.example.js'] ||","            local.fs.readFileSync(__filename, 'utf8');","        local.assetsDict['/assets.npmtest_jsdoc.rollup.js'] =","            local.assetsDict['/assets.npmtest_jsdoc.rollup.js'] ||","            local.fs.readFileSync(","                // buildCustomOrg-hack","                local.npmtest_jsdoc.__dirname +","                    '/lib.npmtest_jsdoc.js',","                'utf8'","            ).replace((/^#!/), '//');","        local.assetsDict['/favicon.ico'] = local.assetsDict['/favicon.ico'] || '';","        // if $npm_config_timeout_exit exists,","        // then exit this process after $npm_config_timeout_exit ms","        if (Number(process.env.npm_config_timeout_exit)) {","            setTimeout(process.exit, Number(process.env.npm_config_timeout_exit));","        }","        // start server","        if (local.global.utility2_serverHttp1) {","            break;","        }","        process.env.PORT = process.env.PORT || '8081';","        console.error('server starting on port ' + process.env.PORT);","        local.http.createServer(function (request, response) {","            request.urlParsed = local.url.parse(request.url);","            if (local.assetsDict[request.urlParsed.pathname] !== undefined) {","                response.end(local.assetsDict[request.urlParsed.pathname]);","                return;","            }","            response.statusCode = 404;","            response.end();","        }).listen(process.env.PORT);","        break;","    }","}());",""],"l":{"26":2,"28":2,"33":2,"35":2,"37":2,"38":2,"39":2,"44":1,"51":2,"55":2,"59":2,"61":2,"69":1,"70":2,"76":2,"79":2,"82":2,"83":2,"85":1,"89":2,"92":1,"93":1,"94":1,"96":1,"97":1,"100":1,"101":1,"103":1,"106":1,"108":2,"114":1,"116":1,"118":1,"123":1,"124":2,"125":2,"126":2,"127":2,"128":2,"129":2,"130":1,"133":2,"134":2,"139":2,"143":1,"144":3,"145":1,"149":1,"150":1,"158":1,"160":1,"161":1,"162":1,"164":1,"166":1,"258":1,"259":1,"271":1,"274":6,"275":6,"277":1,"279":2,"281":1,"283":2,"288":1,"289":1,"291":1,"294":1,"302":1,"305":1,"306":1,"309":1,"310":1,"312":1,"313":1,"314":1,"315":1,"316":1,"317":1,"318":1,"320":1,"321":1,"323":1}},"/home/travis/build/npmtest/node-npmtest-jsdoc/node_modules/jsdoc/jsdoc.js":{"path":"/home/travis/build/npmtest/node-npmtest-jsdoc/node_modules/jsdoc/jsdoc.js","s":{"1":1,"2":1,"3":1,"4":1,"5":1,"6":1,"7":1,"8":1,"9":1,"10":1,"11":1,"12":1,"13":1,"14":1,"15":1,"16":1,"17":1,"18":1,"19":1,"20":1,"21":1,"22":1,"23":1,"24":1,"25":0,"26":0,"27":1},"b":{"1":[1,0],"2":[1,1],"3":[1,1],"4":[1,0],"5":[0,1]},"f":{"1":1,"2":1,"3":1,"4":1,"5":1,"6":0},"fnMap":{"1":{"name":"(anonymous_1)","line":11,"loc":{"start":{"line":11,"column":1},"end":{"line":11,"column":16}}},"2":{"name":"(anonymous_2)","line":46,"loc":{"start":{"line":46,"column":14},"end":{"line":46,"column":25}}},"3":{"name":"(anonymous_3)","line":59,"loc":{"start":{"line":59,"column":14},"end":{"line":59,"column":25}}},"4":{"name":"(anonymous_4)","line":64,"loc":{"start":{"line":64,"column":1},"end":{"line":64,"column":12}}},"5":{"name":"cb","line":72,"loc":{"start":{"line":72,"column":4},"end":{"line":72,"column":27}}},"6":{"name":"(anonymous_6)","line":98,"loc":{"start":{"line":98,"column":22},"end":{"line":98,"column":33}}}},"statementMap":{"1":{"start":{"line":11,"column":0},"end":{"line":35,"column":47}},"2":{"start":{"line":14,"column":4},"end":{"line":14,"column":13}},"3":{"start":{"line":16,"column":4},"end":{"line":32,"column":5}},"4":{"start":{"line":18,"column":8},"end":{"line":18,"column":42}},"5":{"start":{"line":19,"column":8},"end":{"line":19,"column":31}},"6":{"start":{"line":25,"column":8},"end":{"line":31,"column":11}},"7":{"start":{"line":34,"column":4},"end":{"line":34,"column":57}},"8":{"start":{"line":46,"column":0},"end":{"line":49,"column":5}},"9":{"start":{"line":48,"column":4},"end":{"line":48,"column":38}},"10":{"start":{"line":59,"column":0},"end":{"line":62,"column":5}},"11":{"start":{"line":61,"column":4},"end":{"line":61,"column":38}},"12":{"start":{"line":64,"column":0},"end":{"line":104,"column":5}},"13":{"start":{"line":67,"column":4},"end":{"line":67,"column":25}},"14":{"start":{"line":68,"column":4},"end":{"line":68,"column":52}},"15":{"start":{"line":69,"column":4},"end":{"line":69,"column":54}},"16":{"start":{"line":70,"column":4},"end":{"line":70,"column":31}},"17":{"start":{"line":72,"column":4},"end":{"line":75,"column":5}},"18":{"start":{"line":73,"column":8},"end":{"line":73,"column":24}},"19":{"start":{"line":74,"column":8},"end":{"line":74,"column":33}},"20":{"start":{"line":77,"column":4},"end":{"line":78,"column":22}},"21":{"start":{"line":80,"column":4},"end":{"line":82,"column":5}},"22":{"start":{"line":81,"column":8},"end":{"line":81,"column":30}},"23":{"start":{"line":84,"column":4},"end":{"line":84,"column":19}},"24":{"start":{"line":86,"column":4},"end":{"line":101,"column":5}},"25":{"start":{"line":98,"column":8},"end":{"line":100,"column":10}},"26":{"start":{"line":99,"column":12},"end":{"line":99,"column":76}},"27":{"start":{"line":103,"column":4},"end":{"line":103,"column":23}}},"branchMap":{"1":{"line":16,"type":"if","locations":[{"start":{"line":16,"column":4},"end":{"line":16,"column":4}},{"start":{"line":16,"column":4},"end":{"line":16,"column":4}}]},"2":{"line":16,"type":"binary-expr","locations":[{"start":{"line":16,"column":8},"end":{"line":16,"column":15}},{"start":{"line":16,"column":19},"end":{"line":16,"column":46}}]},"3":{"line":74,"type":"binary-expr","locations":[{"start":{"line":74,"column":17},"end":{"line":74,"column":26}},{"start":{"line":74,"column":30},"end":{"line":74,"column":31}}]},"4":{"line":80,"type":"if","locations":[{"start":{"line":80,"column":4},"end":{"line":80,"column":4}},{"start":{"line":80,"column":4},"end":{"line":80,"column":4}}]},"5":{"line":86,"type":"if","locations":[{"start":{"line":86,"column":4},"end":{"line":86,"column":4}},{"start":{"line":86,"column":4},"end":{"line":86,"column":4}}]}},"code":["//#!/usr/bin/env node","/* global arguments, require: true */","/* eslint strict: [2, \"function\"] */","/**"," * @project jsdoc"," * @author Michael Mathews <micmath@gmail.com>"," * @license See LICENSE.md file included in this distribution."," */","","// initialize the environment for the current JavaScript VM","(function(args) {","    'use strict';","","    var path;","","    if (args[0] && typeof args[0] === 'object') {","        // we should be on Node.js","        args = [__dirname, process.cwd()];","        path = require('path');","","        // Create a custom require method that adds `lib/jsdoc` and `node_modules` to the module","        // lookup path. This makes it possible to `require('jsdoc/foo')` from external templates and","        // plugins, and within JSDoc itself. It also allows external templates and plugins to","        // require JSDoc's module dependencies without installing them locally.","        require = require('requizzle')({","            requirePaths: {","                before: [path.join(__dirname, 'lib')],","                after: [path.join(__dirname, 'node_modules')]","            },","            infect: true","        });","    }","","    require('./lib/jsdoc/util/runtime').initialize(args);","})( Array.prototype.slice.call(arguments, 0) );","","/**"," * Data about the environment in which JSDoc is running, including the configuration settings that"," * were used to run JSDoc."," *"," * @deprecated As of JSDoc 3.4.0. Use `require('jsdoc/env')` to access the `env` object. The global"," * `env` object will be removed in a future release."," * @namespace"," * @name env"," */","global.env = (function() {","    'use strict';","    return require('./lib/jsdoc/env');","})();","","/**"," * Data that must be shared across the entire application."," *"," * @deprecated As of JSDoc 3.4.0. Avoid using the `app` object. The global `app` object and the"," * `jsdoc/app` module will be removed in a future release."," * @namespace"," * @name app"," */","global.app = (function() {","    'use strict';","    return require('./lib/jsdoc/app');","})();","","(function() {","    'use strict';","","    var env = global.env;","    var logger = require('./lib/jsdoc/util/logger');","    var runtime = require('./lib/jsdoc/util/runtime');","    var cli = require('./cli');","","    function cb(errorCode) {","        cli.logFinish();","        cli.exit(errorCode || 0);","    }","","    cli.setVersionInfo()","        .loadConfig();","","    if (!env.opts.test) {","        cli.configureLogger();","    }","","    cli.logStart();","","    if (env.opts.debug) {","        /**","         * Recursively print an object's properties to stdout. This method is safe to use with","         * objects that contain circular references.","         *","         * This method is available only when JSDoc is run with the `--debug` option.","         *","         * @global","         * @name dump","         * @private","         * @param {...*} obj - Object(s) to print to stdout.","         */","        global.dump = function() {","            console.log(require('./lib/jsdoc/util/dumper').dump(arguments));","        };","    }","","    cli.runCommand(cb);","})();",""],"l":{"11":1,"14":1,"16":1,"18":1,"19":1,"25":1,"34":1,"46":1,"48":1,"59":1,"61":1,"64":1,"67":1,"68":1,"69":1,"70":1,"72":1,"73":1,"74":1,"77":1,"80":1,"81":1,"84":1,"86":1,"98":0,"99":0,"103":1}},"/home/travis/build/npmtest/node-npmtest-jsdoc/node_modules/jsdoc/lib/jsdoc/util/runtime.js":{"path":"/home/travis/build/npmtest/node-npmtest-jsdoc/node_modules/jsdoc/lib/jsdoc/util/runtime.js","s":{"1":1,"2":1,"3":1,"4":1,"5":1,"6":1,"7":0,"8":1,"9":0,"10":1,"11":1,"12":1,"13":1,"14":1,"15":1,"16":0,"17":1,"18":1,"19":1,"20":1,"21":1,"22":1,"23":1,"24":0,"25":1,"26":0,"27":1,"28":0,"29":0},"b":{"1":[1,0],"2":[1,1,1],"3":[0,1],"4":[1,0]},"f":{"1":1,"2":0,"3":1,"4":1,"5":0,"6":0},"fnMap":{"1":{"name":"(anonymous_1)","line":24,"loc":{"start":{"line":24,"column":15},"end":{"line":24,"column":26}}},"2":{"name":"(anonymous_2)","line":37,"loc":{"start":{"line":37,"column":17},"end":{"line":37,"column":28}}},"3":{"name":"initializeNode","line":41,"loc":{"start":{"line":41,"column":0},"end":{"line":41,"column":30}}},"4":{"name":"(anonymous_4)","line":58,"loc":{"start":{"line":58,"column":21},"end":{"line":58,"column":36}}},"5":{"name":"(anonymous_5)","line":74,"loc":{"start":{"line":74,"column":21},"end":{"line":74,"column":32}}},"6":{"name":"(anonymous_6)","line":85,"loc":{"start":{"line":85,"column":24},"end":{"line":85,"column":46}}}},"statementMap":{"1":{"start":{"line":10,"column":0},"end":{"line":10,"column":31}},"2":{"start":{"line":11,"column":0},"end":{"line":11,"column":23}},"3":{"start":{"line":15,"column":0},"end":{"line":15,"column":33}},"4":{"start":{"line":24,"column":0},"end":{"line":31,"column":5}},"5":{"start":{"line":25,"column":4},"end":{"line":30,"column":5}},"6":{"start":{"line":26,"column":8},"end":{"line":26,"column":20}},"7":{"start":{"line":29,"column":8},"end":{"line":29,"column":78}},"8":{"start":{"line":37,"column":0},"end":{"line":39,"column":2}},"9":{"start":{"line":38,"column":4},"end":{"line":38,"column":28}},"10":{"start":{"line":41,"column":0},"end":{"line":56,"column":1}},"11":{"start":{"line":42,"column":4},"end":{"line":42,"column":27}},"12":{"start":{"line":43,"column":4},"end":{"line":43,"column":31}},"13":{"start":{"line":45,"column":4},"end":{"line":45,"column":28}},"14":{"start":{"line":46,"column":4},"end":{"line":46,"column":22}},"15":{"start":{"line":49,"column":4},"end":{"line":51,"column":5}},"16":{"start":{"line":50,"column":8},"end":{"line":50,"column":88}},"17":{"start":{"line":53,"column":4},"end":{"line":53,"column":28}},"18":{"start":{"line":54,"column":4},"end":{"line":54,"column":18}},"19":{"start":{"line":55,"column":4},"end":{"line":55,"column":37}},"20":{"start":{"line":58,"column":0},"end":{"line":66,"column":2}},"21":{"start":{"line":59,"column":4},"end":{"line":65,"column":5}},"22":{"start":{"line":61,"column":12},"end":{"line":61,"column":33}},"23":{"start":{"line":62,"column":12},"end":{"line":62,"column":18}},"24":{"start":{"line":64,"column":12},"end":{"line":64,"column":99}},"25":{"start":{"line":74,"column":0},"end":{"line":76,"column":2}},"26":{"start":{"line":75,"column":4},"end":{"line":75,"column":19}},"27":{"start":{"line":85,"column":0},"end":{"line":89,"column":2}},"28":{"start":{"line":86,"column":4},"end":{"line":86,"column":31}},"29":{"start":{"line":88,"column":4},"end":{"line":88,"column":56}}},"branchMap":{"1":{"line":25,"type":"if","locations":[{"start":{"line":25,"column":4},"end":{"line":25,"column":4}},{"start":{"line":25,"column":4},"end":{"line":25,"column":4}}]},"2":{"line":25,"type":"binary-expr","locations":[{"start":{"line":25,"column":8},"end":{"line":25,"column":15}},{"start":{"line":25,"column":19},"end":{"line":25,"column":31}},{"start":{"line":25,"column":35},"end":{"line":25,"column":41}}]},"3":{"line":49,"type":"if","locations":[{"start":{"line":49,"column":4},"end":{"line":49,"column":4}},{"start":{"line":49,"column":4},"end":{"line":49,"column":4}}]},"4":{"line":59,"type":"switch","locations":[{"start":{"line":60,"column":8},"end":{"line":62,"column":18}},{"start":{"line":63,"column":8},"end":{"line":64,"column":99}}]}},"code":["/* global java */","/**"," * Helper functions to enable JSDoc to run on multiple JavaScript runtimes."," *"," * @module jsdoc/util/runtime"," * @private"," */","'use strict';","","var env = require('jsdoc/env');","var os = require('os');","","// This string represents a directory name; do not modify it!","/** @private */","var NODE = exports.NODE = 'node';","","/**"," * The JavaScript runtime that is executing JSDoc:"," *"," * + `module:jsdoc/util/runtime~NODE`: Node.js."," *"," * @private"," */","var runtime = (function() {","    if (require && require.main && module) {","        return NODE;","    } else {","        // unknown runtime","        throw new Error('Unable to identify the current JavaScript runtime.');","    }","})();","","/**"," * Check whether Node.js is running JSDoc."," * @return {boolean} Set to `true` if the current runtime is Node.js."," */","exports.isNode = function() {","    return runtime === NODE;","};","","function initializeNode(args) {","    var fs = require('fs');","    var path = require('path');","","    var jsdocPath = args[0];","    var pwd = args[1];","","    // resolve the path if it's a symlink","    if ( fs.statSync(jsdocPath).isSymbolicLink() ) {","        jsdocPath = path.resolve( path.dirname(jsdocPath), fs.readlinkSync(jsdocPath) );","    }","","    env.dirname = jsdocPath;","    env.pwd = pwd;","    env.args = process.argv.slice(2);","}","","exports.initialize = function(args) {","    switch (runtime) {","        case NODE:","            initializeNode(args);","            break;","        default:","            throw new Error('Cannot initialize the unknown JavaScript runtime \"' + runtime + '\"!');","    }","};","","/**"," * Retrieve the identifier for the current JavaScript runtime."," *"," * @private"," * @return {string} The runtime identifier."," */","exports.getRuntime = function() {","    return runtime;","};","","/**"," * Get the require path for the runtime-specific implementation of a module."," *"," * @param {string} partialPath - The partial path to the module. Use the same format as when calling"," * `require()`."," * @return {object} The require path for the runtime-specific implementation of the module."," */","exports.getModulePath = function(partialPath) {","    var path = require('path');","","    return path.join(env.dirname, runtime, partialPath);","};",""],"l":{"10":1,"11":1,"15":1,"24":1,"25":1,"26":1,"29":0,"37":1,"38":0,"41":1,"42":1,"43":1,"45":1,"46":1,"49":1,"50":0,"53":1,"54":1,"55":1,"58":1,"59":1,"61":1,"62":1,"64":0,"74":1,"75":0,"85":1,"86":0,"88":0}},"/home/travis/build/npmtest/node-npmtest-jsdoc/node_modules/jsdoc/lib/jsdoc/env.js":{"path":"/home/travis/build/npmtest/node-npmtest-jsdoc/node_modules/jsdoc/lib/jsdoc/env.js","s":{"1":1},"b":{},"f":{},"fnMap":{},"statementMap":{"1":{"start":{"line":9,"column":0},"end":{"line":79,"column":2}}},"branchMap":{},"code":["'use strict';","","/**"," * Data about the environment in which JSDoc is running, including the configuration settings that"," * were used to run JSDoc."," *"," * @module jsdoc/env"," */","module.exports = {","    /**","     * The times at which JSDoc started and finished.","     *","     * @type {Object}","     * @property {Date} start - The time at which JSDoc started running.","     * @property {Date} finish - The time at which JSDoc finished running.","     */","    run: {","        start: new Date(),","        finish: null","    },","","    /**","     * The command-line arguments passed to JSDoc.","     *","     * @type {Array<*>}","     */","    args: [],","","    /**","     * The data parsed from JSDoc's configuration file.","     *","     * @type Object<string, *>","     */","    conf: {},","","    /**","     * The absolute path to the base directory in which JSDoc is located. Set at startup.","     *","     * @private","     * @type {string}","     */","    dirname: null,","","    /**","     * The user's working directory at the time when JSDoc started running.","     *","     * @private","     * @type {string}","     */","    pwd: null,","","    /**","     * The command-line arguments, parsed into a key/value hash.","     *","     * @type {Object}","     * @example if (global.env.opts.help) { console.log('Helpful message.'); }","    */","    opts: {},","","    /**","     * The source files that JSDoc will parse.","     *","     * @type {Array<string>}","     * @memberof env","     */","    sourceFiles: [],","","    /**","     * The JSDoc version number and revision date.","     *","     * @type {Object<string, string>}","     * @property {string} number - The JSDoc version number.","     * @property {string} revision - The JSDoc revision number, expressed as a UTC date string.","     */","    version: {","        number: null,","        revision: null","    }","};",""],"l":{"9":1}},"/home/travis/build/npmtest/node-npmtest-jsdoc/node_modules/jsdoc/lib/jsdoc/app.js":{"path":"/home/travis/build/npmtest/node-npmtest-jsdoc/node_modules/jsdoc/lib/jsdoc/app.js","s":{"1":1},"b":{},"f":{},"fnMap":{},"statementMap":{"1":{"start":{"line":9,"column":0},"end":{"line":21,"column":2}}},"branchMap":{},"code":["'use strict';","","/**"," * Objects that are shared across the entire application."," *"," * @deprecated As of JSDoc 3.4.0. Do not use this module. It will be removed in a future release."," * @module jsdoc/app"," */","module.exports = {","    /**","     * Namespace for shared objects.","     *","     * @namespace","     * @type {Object}","     */","    jsdoc: {","        name: require('jsdoc/name'),","        parser: null,","        scanner: new (require('jsdoc/src/scanner').Scanner)()","    }","};",""],"l":{"9":1}},"/home/travis/build/npmtest/node-npmtest-jsdoc/node_modules/jsdoc/lib/jsdoc/name.js":{"path":"/home/travis/build/npmtest/node-npmtest-jsdoc/node_modules/jsdoc/lib/jsdoc/name.js","s":{"1":1,"2":1,"3":1,"4":1,"5":1,"6":1,"7":1,"8":1,"9":1,"10":1,"11":1,"12":1,"13":1,"14":1,"15":1,"16":1,"17":1,"18":0,"19":0,"20":1,"21":0,"22":0,"23":0,"24":1,"25":0,"26":0,"27":0,"28":0,"29":0,"30":0,"31":0,"32":0,"33":0,"34":0,"35":0,"36":0,"37":0,"38":0,"39":0,"40":0,"41":0,"42":0,"43":0,"44":0,"45":0,"46":0,"47":0,"48":0,"49":0,"50":0,"51":0,"52":0,"53":0,"54":0,"55":0,"56":0,"57":0,"58":0,"59":0,"60":0,"61":0,"62":0,"63":0,"64":0,"65":0,"66":0,"67":0,"68":0,"69":0,"70":0,"71":0,"72":0,"73":0,"74":0,"75":0,"76":0,"77":0,"78":0,"79":0,"80":0,"81":1,"82":0,"83":0,"84":0,"85":0,"86":0,"87":0,"88":1,"89":0,"90":1,"91":0,"92":0,"93":0,"94":0,"95":0,"96":0,"97":0,"98":0,"99":0,"100":0,"101":0,"102":1,"103":0,"104":0,"105":0,"106":0,"107":0,"108":0,"109":0,"110":0,"111":0,"112":0,"113":0,"114":0,"115":0,"116":0,"117":0,"118":0,"119":0,"120":0,"121":0,"122":0,"123":0,"124":0,"125":0,"126":0,"127":0,"128":0,"129":0,"130":0,"131":0,"132":0,"133":0,"134":0,"135":0,"136":0,"137":0,"138":0,"139":0,"140":0,"141":0,"142":0,"143":0,"144":1,"145":0,"146":1,"147":0,"148":1,"149":0,"150":0,"151":0,"152":1,"153":0,"154":0,"155":0,"156":0,"157":0,"158":0,"159":0,"160":0,"161":0,"162":0,"163":0,"164":0,"165":0,"166":1,"167":0,"168":0,"169":0,"170":0,"171":0,"172":0,"173":0,"174":0,"175":0,"176":0,"177":0,"178":0,"179":0,"180":0,"181":0,"182":0,"183":0,"184":0,"185":0,"186":0,"187":0,"188":0,"189":1,"190":0,"191":0,"192":0,"193":0,"194":0,"195":0,"196":0,"197":0,"198":0,"199":0,"200":0,"201":0,"202":0,"203":0,"204":0,"205":0,"206":0,"207":0,"208":0,"209":0,"210":0,"211":0,"212":0,"213":1,"214":0,"215":0,"216":0,"217":0,"218":0,"219":0,"220":0},"b":{"1":[0,0],"2":[0,0],"3":[0,0],"4":[0,0],"5":[0,0],"6":[0,0],"7":[0,0,0,0],"8":[0,0],"9":[0,0],"10":[0,0],"11":[0,0,0],"12":[0,0],"13":[0,0],"14":[0,0,0],"15":[0,0],"16":[0,0],"17":[0,0],"18":[0,0],"19":[0,0],"20":[0,0],"21":[0,0],"22":[0,0],"23":[0,0],"24":[0,0],"25":[0,0],"26":[0,0],"27":[0,0],"28":[0,0],"29":[0,0],"30":[0,0,0],"31":[0,0],"32":[0,0],"33":[0,0],"34":[0,0],"35":[0,0,0],"36":[0,0],"37":[0,0],"38":[0,0],"39":[0,0],"40":[0,0],"41":[0,0],"42":[0,0],"43":[0,0],"44":[0,0],"45":[0,0],"46":[0,0],"47":[0,0],"48":[0,0],"49":[0,0],"50":[0,0],"51":[0,0],"52":[0,0],"53":[0,0],"54":[0,0],"55":[0,0],"56":[0,0],"57":[0,0],"58":[0,0],"59":[0,0],"60":[0,0],"61":[0,0],"62":[0,0],"63":[0,0],"64":[0,0],"65":[0,0],"66":[0,0],"67":[0,0],"68":[0,0],"69":[0,0],"70":[0,0],"71":[0,0],"72":[0,0],"73":[0,0],"74":[0,0],"75":[0,0],"76":[0,0],"77":[0,0],"78":[0,0],"79":[0,0],"80":[0,0],"81":[0,0],"82":[0,0],"83":[0,0],"84":[0,0],"85":[0,0],"86":[0,0]},"f":{"1":0,"2":0,"3":0,"4":0,"5":0,"6":0,"7":0,"8":0,"9":0,"10":0,"11":0,"12":0,"13":0,"14":0,"15":0,"16":0,"17":0},"fnMap":{"1":{"name":"nameIsLongname","line":70,"loc":{"start":{"line":70,"column":0},"end":{"line":70,"column":40}}},"2":{"name":"prototypeToPunc","line":76,"loc":{"start":{"line":76,"column":0},"end":{"line":76,"column":31}}},"3":{"name":"(anonymous_3)","line":90,"loc":{"start":{"line":90,"column":18},"end":{"line":90,"column":35}}},"4":{"name":"(anonymous_4)","line":206,"loc":{"start":{"line":206,"column":25},"end":{"line":206,"column":48}}},"5":{"name":"(anonymous_5)","line":220,"loc":{"start":{"line":220,"column":25},"end":{"line":220,"column":44}}},"6":{"name":"(anonymous_6)","line":231,"loc":{"start":{"line":231,"column":22},"end":{"line":231,"column":46}}},"7":{"name":"atomize","line":256,"loc":{"start":{"line":256,"column":0},"end":{"line":256,"column":55}}},"8":{"name":"(anonymous_8)","line":270,"loc":{"start":{"line":270,"column":70},"end":{"line":270,"column":90}}},"9":{"name":"(anonymous_9)","line":341,"loc":{"start":{"line":341,"column":18},"end":{"line":341,"column":53}}},"10":{"name":"(anonymous_10)","line":346,"loc":{"start":{"line":346,"column":18},"end":{"line":346,"column":34}}},"11":{"name":"(anonymous_11)","line":356,"loc":{"start":{"line":356,"column":25},"end":{"line":356,"column":40}}},"12":{"name":"splitLongname","line":364,"loc":{"start":{"line":364,"column":0},"end":{"line":364,"column":42}}},"13":{"name":"longnamesToTree","line":391,"loc":{"start":{"line":391,"column":26},"end":{"line":391,"column":71}}},"14":{"name":"(anonymous_14)","line":395,"loc":{"start":{"line":395,"column":22},"end":{"line":395,"column":41}}},"15":{"name":"(anonymous_15)","line":409,"loc":{"start":{"line":409,"column":33},"end":{"line":409,"column":49}}},"16":{"name":"splitNameMatchingBrackets","line":438,"loc":{"start":{"line":438,"column":0},"end":{"line":438,"column":45}}},"17":{"name":"(anonymous_17)","line":483,"loc":{"start":{"line":483,"column":20},"end":{"line":483,"column":39}}}},"statementMap":{"1":{"start":{"line":9,"column":0},"end":{"line":9,"column":30}},"2":{"start":{"line":10,"column":0},"end":{"line":10,"column":45}},"3":{"start":{"line":12,"column":0},"end":{"line":12,"column":49}},"4":{"start":{"line":21,"column":0},"end":{"line":26,"column":2}},"5":{"start":{"line":29,"column":0},"end":{"line":29,"column":33}},"6":{"start":{"line":38,"column":0},"end":{"line":50,"column":2}},"7":{"start":{"line":53,"column":0},"end":{"line":57,"column":2}},"8":{"start":{"line":58,"column":0},"end":{"line":58,"column":62}},"9":{"start":{"line":60,"column":0},"end":{"line":60,"column":39}},"10":{"start":{"line":61,"column":0},"end":{"line":61,"column":38}},"11":{"start":{"line":62,"column":0},"end":{"line":62,"column":54}},"12":{"start":{"line":63,"column":0},"end":{"line":63,"column":70}},"13":{"start":{"line":64,"column":0},"end":{"line":64,"column":71}},"14":{"start":{"line":66,"column":0},"end":{"line":66,"column":64}},"15":{"start":{"line":67,"column":0},"end":{"line":67,"column":49}},"16":{"start":{"line":68,"column":0},"end":{"line":68,"column":80}},"17":{"start":{"line":70,"column":0},"end":{"line":74,"column":1}},"18":{"start":{"line":71,"column":4},"end":{"line":71,"column":72}},"19":{"start":{"line":73,"column":4},"end":{"line":73,"column":29}},"20":{"start":{"line":76,"column":0},"end":{"line":83,"column":1}},"21":{"start":{"line":78,"column":4},"end":{"line":80,"column":5}},"22":{"start":{"line":79,"column":8},"end":{"line":79,"column":20}},"23":{"start":{"line":82,"column":4},"end":{"line":82,"column":70}},"24":{"start":{"line":90,"column":0},"end":{"line":198,"column":2}},"25":{"start":{"line":91,"column":4},"end":{"line":91,"column":19}},"26":{"start":{"line":92,"column":4},"end":{"line":92,"column":41}},"27":{"start":{"line":93,"column":4},"end":{"line":93,"column":17}},"28":{"start":{"line":94,"column":4},"end":{"line":94,"column":54}},"29":{"start":{"line":95,"column":4},"end":{"line":95,"column":18}},"30":{"start":{"line":96,"column":4},"end":{"line":96,"column":20}},"31":{"start":{"line":97,"column":4},"end":{"line":97,"column":25}},"32":{"start":{"line":102,"column":4},"end":{"line":104,"column":5}},"33":{"start":{"line":103,"column":8},"end":{"line":103,"column":37}},"34":{"start":{"line":105,"column":4},"end":{"line":105,"column":23}},"35":{"start":{"line":108,"column":4},"end":{"line":110,"column":5}},"36":{"start":{"line":109,"column":8},"end":{"line":109,"column":86}},"37":{"start":{"line":112,"column":4},"end":{"line":141,"column":5}},"38":{"start":{"line":113,"column":8},"end":{"line":113,"column":45}},"39":{"start":{"line":116,"column":8},"end":{"line":137,"column":9}},"40":{"start":{"line":117,"column":12},"end":{"line":117,"column":89}},"41":{"start":{"line":121,"column":13},"end":{"line":137,"column":9}},"42":{"start":{"line":122,"column":12},"end":{"line":122,"column":89}},"43":{"start":{"line":125,"column":13},"end":{"line":137,"column":9}},"44":{"start":{"line":126,"column":12},"end":{"line":126,"column":57}},"45":{"start":{"line":127,"column":12},"end":{"line":127,"column":63}},"46":{"start":{"line":128,"column":12},"end":{"line":128,"column":89}},"47":{"start":{"line":131,"column":13},"end":{"line":137,"column":9}},"48":{"start":{"line":132,"column":12},"end":{"line":132,"column":100}},"49":{"start":{"line":134,"column":13},"end":{"line":137,"column":9}},"50":{"start":{"line":135,"column":12},"end":{"line":136,"column":63}},"51":{"start":{"line":140,"column":8},"end":{"line":140,"column":38}},"52":{"start":{"line":143,"column":4},"end":{"line":145,"column":5}},"53":{"start":{"line":144,"column":8},"end":{"line":144,"column":33}},"54":{"start":{"line":147,"column":4},"end":{"line":149,"column":5}},"55":{"start":{"line":148,"column":8},"end":{"line":148,"column":43}},"56":{"start":{"line":151,"column":4},"end":{"line":153,"column":5}},"57":{"start":{"line":152,"column":8},"end":{"line":152,"column":43}},"58":{"start":{"line":155,"column":4},"end":{"line":188,"column":5}},"59":{"start":{"line":156,"column":8},"end":{"line":156,"column":40}},"60":{"start":{"line":157,"column":8},"end":{"line":157,"column":31}},"61":{"start":{"line":159,"column":9},"end":{"line":188,"column":5}},"62":{"start":{"line":160,"column":8},"end":{"line":165,"column":9}},"63":{"start":{"line":161,"column":12},"end":{"line":161,"column":46}},"64":{"start":{"line":164,"column":12},"end":{"line":164,"column":52}},"65":{"start":{"line":167,"column":9},"end":{"line":188,"column":5}},"66":{"start":{"line":168,"column":8},"end":{"line":184,"column":9}},"67":{"start":{"line":169,"column":12},"end":{"line":169,"column":50}},"68":{"start":{"line":170,"column":12},"end":{"line":170,"column":48}},"69":{"start":{"line":172,"column":13},"end":{"line":184,"column":9}},"70":{"start":{"line":177,"column":12},"end":{"line":177,"column":53}},"71":{"start":{"line":178,"column":12},"end":{"line":178,"column":60}},"72":{"start":{"line":179,"column":12},"end":{"line":179,"column":61}},"73":{"start":{"line":180,"column":12},"end":{"line":183,"column":13}},"74":{"start":{"line":182,"column":16},"end":{"line":182,"column":52}},"75":{"start":{"line":186,"column":8},"end":{"line":186,"column":53}},"76":{"start":{"line":187,"column":8},"end":{"line":187,"column":86}},"77":{"start":{"line":190,"column":4},"end":{"line":192,"column":5}},"78":{"start":{"line":191,"column":8},"end":{"line":191,"column":43}},"79":{"start":{"line":195,"column":4},"end":{"line":197,"column":5}},"80":{"start":{"line":196,"column":8},"end":{"line":196,"column":29}},"81":{"start":{"line":206,"column":0},"end":{"line":217,"column":2}},"82":{"start":{"line":207,"column":4},"end":{"line":207,"column":46}},"83":{"start":{"line":208,"column":4},"end":{"line":208,"column":30}},"84":{"start":{"line":210,"column":4},"end":{"line":210,"column":34}},"85":{"start":{"line":212,"column":4},"end":{"line":214,"column":5}},"86":{"start":{"line":213,"column":8},"end":{"line":213,"column":87}},"87":{"start":{"line":216,"column":4},"end":{"line":216,"column":20}},"88":{"start":{"line":220,"column":0},"end":{"line":222,"column":2}},"89":{"start":{"line":221,"column":4},"end":{"line":221,"column":47}},"90":{"start":{"line":231,"column":0},"end":{"line":253,"column":2}},"91":{"start":{"line":232,"column":4},"end":{"line":232,"column":28}},"92":{"start":{"line":233,"column":4},"end":{"line":233,"column":25}},"93":{"start":{"line":235,"column":4},"end":{"line":237,"column":5}},"94":{"start":{"line":236,"column":8},"end":{"line":236,"column":27}},"95":{"start":{"line":240,"column":4},"end":{"line":242,"column":5}},"96":{"start":{"line":241,"column":8},"end":{"line":241,"column":27}},"97":{"start":{"line":244,"column":4},"end":{"line":250,"column":39}},"98":{"start":{"line":245,"column":8},"end":{"line":245,"column":54}},"99":{"start":{"line":247,"column":8},"end":{"line":249,"column":9}},"100":{"start":{"line":248,"column":12},"end":{"line":248,"column":31}},"101":{"start":{"line":252,"column":4},"end":{"line":252,"column":23}},"102":{"start":{"line":256,"column":0},"end":{"line":331,"column":1}},"103":{"start":{"line":257,"column":4},"end":{"line":257,"column":10}},"104":{"start":{"line":258,"column":4},"end":{"line":258,"column":22}},"105":{"start":{"line":259,"column":4},"end":{"line":259,"column":18}},"106":{"start":{"line":260,"column":4},"end":{"line":260,"column":14}},"107":{"start":{"line":261,"column":4},"end":{"line":261,"column":20}},"108":{"start":{"line":262,"column":4},"end":{"line":262,"column":23}},"109":{"start":{"line":263,"column":4},"end":{"line":263,"column":14}},"110":{"start":{"line":264,"column":4},"end":{"line":264,"column":20}},"111":{"start":{"line":265,"column":4},"end":{"line":265,"column":18}},"112":{"start":{"line":270,"column":4},"end":{"line":285,"column":7}},"113":{"start":{"line":271,"column":8},"end":{"line":271,"column":22}},"114":{"start":{"line":274,"column":8},"end":{"line":279,"column":9}},"115":{"start":{"line":276,"column":12},"end":{"line":276,"column":64}},"116":{"start":{"line":277,"column":12},"end":{"line":278,"column":37}},"117":{"start":{"line":281,"column":8},"end":{"line":281,"column":44}},"118":{"start":{"line":282,"column":8},"end":{"line":282,"column":24}},"119":{"start":{"line":284,"column":8},"end":{"line":284,"column":28}},"120":{"start":{"line":287,"column":4},"end":{"line":287,"column":41}},"121":{"start":{"line":289,"column":4},"end":{"line":307,"column":5}},"122":{"start":{"line":290,"column":8},"end":{"line":290,"column":74}},"123":{"start":{"line":291,"column":8},"end":{"line":291,"column":54}},"124":{"start":{"line":292,"column":8},"end":{"line":292,"column":50}},"125":{"start":{"line":294,"column":8},"end":{"line":296,"column":9}},"126":{"start":{"line":295,"column":12},"end":{"line":295,"column":50}},"127":{"start":{"line":297,"column":8},"end":{"line":299,"column":9}},"128":{"start":{"line":298,"column":12},"end":{"line":298,"column":33}},"129":{"start":{"line":301,"column":9},"end":{"line":307,"column":5}},"130":{"start":{"line":302,"column":8},"end":{"line":303,"column":23}},"131":{"start":{"line":304,"column":8},"end":{"line":304,"column":30}},"132":{"start":{"line":305,"column":8},"end":{"line":305,"column":35}},"133":{"start":{"line":306,"column":8},"end":{"line":306,"column":34}},"134":{"start":{"line":310
[...]
 {","                counter++;","                variations[doclet] = String(counter);","","                // is this longname + variation unique?","                newLongname = format('%s(%s)', doclets[doclet].longname, variations[doclet]);","                if ( !functionDoclets[newLongname] ) {","                    break;","                }","            }","        });","    }","","    function getUniqueNames() {","        // start by trying to preserve existing variations","        docletKeys.forEach(function(doclet) {","            variations[doclet] = doclets[doclet].variation || getParamVariation(doclets[doclet]);","        });","","        // if they're identical, try again, without preserving existing variations","        if ( !hasUniqueValues(variations) ) {","            docletKeys.forEach(function(doclet) {","                variations[doclet] = getParamVariation(doclets[doclet]);","            });","","            // if they're STILL identical, switch to numeric variations","            if ( !hasUniqueValues(variations) ) {","                getUniqueNumbers();","            }","        }","    }","","    // are we already using numeric variations? if so, keep doing that","    if (functionDoclets[doclets.newDoclet.longname + '(1)']) {","        getUniqueNumbers();","    }","    else {","        getUniqueNames();","    }","","    return variations;","}","","function ensureUniqueLongname(newDoclet) {","    var doclets = {","        oldDoclet: functionDoclets[newDoclet.longname],","        newDoclet: newDoclet","    };","    var docletKeys = Object.keys(doclets);","    var oldDocletLongname;","    var variations = {};","","    if (doclets.oldDoclet) {","        oldDocletLongname = doclets.oldDoclet.longname;","        // if the shared longname has a variation, like MyClass#myLongname(variation),","        // remove the variation","        if (doclets.oldDoclet.variation || doclets.oldDoclet.variation === '') {","            docletKeys.forEach(function(doclet) {","                doclets[doclet].longname = doclets[doclet].longname.replace(/\\([\\s\\S]*\\)$/, '');","                doclets[doclet].variation = null;","            });","        }","","        variations = getUniqueVariations(doclets);","","        // update the longnames/variations","        docletKeys.forEach(function(doclet) {","            doclets[doclet].longname += '(' + variations[doclet] + ')';","            doclets[doclet].variation = variations[doclet];","        });","","        // update the old doclet in the lookup table","        functionDoclets[oldDocletLongname] = null;","        functionDoclets[doclets.oldDoclet.longname] = doclets.oldDoclet;","    }","","    // always store the new doclet in the lookup table","    functionDoclets[doclets.newDoclet.longname] = doclets.newDoclet;","","    return doclets.newDoclet;","}","","exports.handlers = {","    parseBegin: function() {","        functionDoclets = {};","    },","","    newDoclet: function(e) {","        if (e.doclet.kind === 'function') {","            e.doclet = ensureUniqueLongname(e.doclet);","        }","    },","","    parseComplete: function() {","        functionDoclets = null;","    }","};",""],"l":{"42":1,"44":1,"45":0,"46":0,"47":0,"48":0,"49":0,"52":0,"55":0,"58":1,"59":0,"61":0,"62":0,"63":0,"64":0,"66":0,"67":0,"71":0,"74":1,"75":0,"78":1,"79":0,"80":0,"81":0,"83":1,"84":0,"86":0,"87":0,"89":0,"90":0,"91":0,"94":0,"95":0,"96":0,"102":1,"104":0,"105":0,"109":0,"110":0,"111":0,"115":0,"116":0,"122":0,"123":0,"126":0,"129":0,"132":1,"133":0,"137":0,"138":0,"139":0,"141":0,"142":0,"145":0,"146":0,"147":0,"148":0,"152":0,"155":0,"156":0,"157":0,"161":0,"162":0,"166":0,"168":0,"171":1,"173":0,"177":0,"178":0,"183":0}},"/home/travis/build/npmtest/node-npmtest-jsdoc/node_modules/jsdoc/plugins/partial.js":{"path":"/home/travis/build/npmtest/node-npmtest-jsdoc/node_modules/jsdoc/plugins/partial.js","s":{"1":2,"2":0,"3":0,"4":0,"5":0,"6":0,"7":0,"8":0,"9":0},"b":{},"f":{"1":0,"2":0},"fnMap":{"1":{"name":"(anonymous_1)","line":22,"loc":{"start":{"line":22,"column":17},"end":{"line":22,"column":29}}},"2":{"name":"(anonymous_2)","line":23,"loc":{"start":{"line":23,"column":59},"end":{"line":23,"column":71}}}},"statementMap":{"1":{"start":{"line":8,"column":0},"end":{"line":8,"column":31}},"2":{"start":{"line":9,"column":0},"end":{"line":9,"column":29}},"3":{"start":{"line":10,"column":0},"end":{"line":10,"column":27}},"4":{"start":{"line":12,"column":0},"end":{"line":32,"column":2}},"5":{"start":{"line":23,"column":8},"end":{"line":30,"column":11}},"6":{"start":{"line":24,"column":12},"end":{"line":24,"column":65}},"7":{"start":{"line":25,"column":12},"end":{"line":25,"column":64}},"8":{"start":{"line":27,"column":12},"end":{"line":27,"column":75}},"9":{"start":{"line":29,"column":12},"end":{"line":29,"column":31}}},"branchMap":{},"code":["/**","    @overview Adds support for reusable partial jsdoc files.","    @module plugins/partial","    @author Ludo Antonov <ludo@hulu.com>"," */","'use strict';","","var env = require('jsdoc/env');","var fs = require('jsdoc/fs');","var path = require('path');","","exports.handlers = {","    /**","     * Include a partial jsdoc","     *","     * @param e","     * @param e.filename","     * @param e.source","     * @example","     *     @partial \"partial_doc.jsdoc\"","     */","    beforeParse: function(e) {","        e.source = e.source.replace(/(@partial \\\".*\\\")+/g, function($) {","            var pathArg = $.match(/\\\".*\\\"/)[0].replace(/\"/g, '');","            var fullPath = path.join(e.filename, '..', pathArg);","","            var partialData = fs.readFileSync(fullPath, env.opts.encoding);","","            return partialData;","        });","    }","};",""],"l":{"8":2,"9":0,"10":0,"12":0,"23":0,"24":0,"25":0,"27":0,"29":0}},"/home/travis/build/npmtest/node-npmtest-jsdoc/node_modules/jsdoc/plugins/railsTemplate.js":{"path":"/home/travis/build/npmtest/node-npmtest-jsdoc/node_modules/jsdoc/plugins/railsTemplate.js","s":{"1":1,"2":0,"3":0},"b":{"1":[0,0]},"f":{"1":0},"fnMap":{"1":{"name":"(anonymous_1)","line":15,"loc":{"start":{"line":15,"column":17},"end":{"line":15,"column":29}}}},"statementMap":{"1":{"start":{"line":8,"column":0},"end":{"line":20,"column":2}},"2":{"start":{"line":16,"column":8},"end":{"line":18,"column":9}},"3":{"start":{"line":17,"column":12},"end":{"line":17,"column":55}}},"branchMap":{"1":{"line":16,"type":"if","locations":[{"start":{"line":16,"column":8},"end":{"line":16,"column":8}},{"start":{"line":16,"column":8},"end":{"line":16,"column":8}}]}},"code":["/**","    @overview Strips the rails template tags from a js.erb file","    @module plugins/railsTemplate","    @author Jannon Frank <jannon@jannon.net>"," */","'use strict';","","exports.handlers = {","    /**","     * Remove rails tags from the source input (e.g. <% foo bar %>)","     * @param e","     * @param e.filename","     * @param e.source","     */","    beforeParse: function(e) {","        if (e.filename.match(/\\.erb$/)) {","            e.source = e.source.replace(/<%.*%>/g, '');","        }","    }","};",""],"l":{"8":1,"16":0,"17":0}},"/home/travis/build/npmtest/node-npmtest-jsdoc/node_modules/jsdoc/plugins/shout.js":{"path":"/home/travis/build/npmtest/node-npmtest-jsdoc/node_modules/jsdoc/plugins/shout.js","s":{"1":1,"2":0,"3":0},"b":{"1":[0,0]},"f":{"1":0},"fnMap":{"1":{"name":"(anonymous_1)","line":12,"loc":{"start":{"line":12,"column":15},"end":{"line":12,"column":27}}}},"statementMap":{"1":{"start":{"line":8,"column":0},"end":{"line":17,"column":2}},"2":{"start":{"line":13,"column":8},"end":{"line":15,"column":9}},"3":{"start":{"line":14,"column":12},"end":{"line":14,"column":70}}},"branchMap":{"1":{"line":13,"type":"if","locations":[{"start":{"line":13,"column":8},"end":{"line":13,"column":8}},{"start":{"line":13,"column":8},"end":{"line":13,"column":8}}]}},"code":["/**","    @overview This is just an example.","    @module plugins/shout","    @author Michael Mathews <micmath@gmail.com>"," */","'use strict';","","exports.handlers = {","    /**","        Make your descriptions more shoutier.","     */","    newDoclet: function(e) {","        if (typeof e.doclet.description === 'string') {","            e.doclet.description = e.doclet.description.toUpperCase();","        }","    }","};",""],"l":{"8":1,"13":0,"14":0}},"/home/travis/build/npmtest/node-npmtest-jsdoc/node_modules/jsdoc/plugins/sourcetag.js":{"path":"/home/travis/build/npmtest/node-npmtest-jsdoc/node_modules/jsdoc/plugins/sourcetag.js","s":{"1":2,"2":0,"3":0,"4":0,"5":0,"6":0,"7":0,"8":0,"9":0,"10":0,"11":0,"12":0,"13":0,"14":0,"15":0},"b":{"1":[0,0],"2":[0,0],"3":[0,0],"4":[0,0],"5":[0,0]},"f":{"1":0,"2":0},"fnMap":{"1":{"name":"(anonymous_1)","line":21,"loc":{"start":{"line":21,"column":15},"end":{"line":21,"column":27}}},"2":{"name":"(anonymous_2)","line":29,"loc":{"start":{"line":29,"column":31},"end":{"line":29,"column":43}}}},"statementMap":{"1":{"start":{"line":7,"column":0},"end":{"line":7,"column":42}},"2":{"start":{"line":9,"column":0},"end":{"line":51,"column":2}},"3":{"start":{"line":22,"column":8},"end":{"line":24,"column":18}},"4":{"start":{"line":27,"column":8},"end":{"line":49,"column":9}},"5":{"start":{"line":29,"column":12},"end":{"line":31,"column":15}},"6":{"start":{"line":30,"column":16},"end":{"line":30,"column":44}},"7":{"start":{"line":33,"column":12},"end":{"line":48,"column":13}},"8":{"start":{"line":35,"column":16},"end":{"line":35,"column":30}},"9":{"start":{"line":37,"column":16},"end":{"line":43,"column":17}},"10":{"start":{"line":38,"column":20},"end":{"line":38,"column":50}},"11":{"start":{"line":41,"column":20},"end":{"line":41,"column":125}},"12":{"start":{"line":42,"column":20},"end":{"line":42,"column":27}},"13":{"start":{"line":45,"column":16},"end":{"line":45,"column":52}},"14":{"start":{"line":46,"column":16},"end":{"line":46,"column":62}},"15":{"start":{"line":47,"column":16},"end":{"line":47,"column":58}}},"branchMap":{"1":{"line":27,"type":"if","locations":[{"start":{"line":27,"column":8},"end":{"line":27,"column":8}},{"start":{"line":27,"column":8},"end":{"line":27,"column":8}}]},"2":{"line":33,"type":"if","locations":[{"start":{"line":33,"column":12},"end":{"line":33,"column":12}},{"start":{"line":33,"column":12},"end":{"line":33,"column":12}}]},"3":{"line":45,"type":"binary-expr","locations":[{"start":{"line":45,"column":32},"end":{"line":45,"column":45}},{"start":{"line":45,"column":49},"end":{"line":45,"column":51}}]},"4":{"line":46,"type":"binary-expr","locations":[{"start":{"line":46,"column":41},"end":{"line":46,"column":55}},{"start":{"line":46,"column":59},"end":{"line":46,"column":61}}]},"5":{"line":47,"type":"binary-expr","locations":[{"start":{"line":47,"column":39},"end":{"line":47,"column":51}},{"start":{"line":47,"column":55},"end":{"line":47,"column":57}}]}},"code":["/**","    @module plugins/sourcetag","    @author Michael Mathews <micmath@gmail.com>"," */","'use strict';","","var logger = require('jsdoc/util/logger');","","exports.handlers = {","    /**","        Support @source tag. Expected value like:","            { \"filename\": \"myfile.js\", \"lineno\": 123 }","        Modifies the corresponding meta values on the given doclet.","","        WARNING: If you are using a JSDoc template that generates pretty-printed source files,","        such as JSDoc's default template, this plugin can cause JSDoc to crash. To fix this issue,","        update your template settings to disable pretty-printed source files.","","        @source { \"filename\": \"sourcetag.js\", \"lineno\": 13 }","     */","    newDoclet: function(e) {","        var tags = e.doclet.tags,","            tag,","            value;","","        // any user-defined tags in this doclet?","        if (typeof tags !== 'undefined') {","            // only interested in the @source tags","            tags = tags.filter(function($) {","                return $.title === 'source';","            });","","            if (tags.length) {","                // take the first one","                tag = tags[0];","","                try {","                    value = JSON.parse(tag.value);","                }","                catch (ex) {","                    logger.error('@source tag expects a valid JSON value, like { \"filename\": \"myfile.js\", \"lineno\": 123 }.');","                    return;","                }","","                e.doclet.meta = e.doclet.meta || {};","                e.doclet.meta.filename = value.filename || '';","                e.doclet.meta.lineno = value.lineno || '';","            }","        }","    }","};",""],"l":{"7":2,"9":0,"22":0,"27":0,"29":0,"30":0,"33":0,"35":0,"37":0,"38":0,"41":0,"42":0,"45":0,"46":0,"47":0}},"/home/travis/build/npmtest/node-npmtest-jsdoc/node_modules/jsdoc/plugins/summarize.js":{"path":"/home/travis/build/npmtest/node-npmtest-jsdoc/node_modules/jsdoc/plugins/summarize.js","s":{"1":1,"2":0,"3":0,"4":0,"5":0,"6":0,"7":0,"8":0,"9":0,"10":0,"11":0,"12":0,"13":0,"14":0,"15":0,"16":0,"17":0,"18":0,"19":0,"20":0},"b":{"1":[0,0],"2":[0,0,0],"3":[0,0],"4":[0,0],"5":[0,0]},"f":{"1":0,"2":0},"fnMap":{"1":{"name":"(anonymous_1)","line":13,"loc":{"start":{"line":13,"column":15},"end":{"line":13,"column":27}}},"2":{"name":"(anonymous_2)","line":31,"loc":{"start":{"line":31,"column":25},"end":{"line":31,"column":39}}}},"statementMap":{"1":{"start":{"line":9,"column":0},"end":{"line":61,"column":2}},"2":{"start":{"line":14,"column":8},"end":{"line":14,"column":19}},"3":{"start":{"line":15,"column":8},"end":{"line":15,"column":17}},"4":{"start":{"line":16,"column":8},"end":{"line":16,"column":18}},"5":{"start":{"line":20,"column":8},"end":{"line":59,"column":9}},"6":{"start":{"line":22,"column":12},"end":{"line":22,"column":77}},"7":{"start":{"line":24,"column":12},"end":{"line":24,"column":36}},"8":{"start":{"line":28,"column":12},"end":{"line":28,"column":60}},"9":{"start":{"line":29,"column":12},"end":{"line":29,"column":23}},"10":{"start":{"line":31,"column":12},"end":{"line":43,"column":15}},"11":{"start":{"line":32,"column":16},"end":{"line":32,"column":43}},"12":{"start":{"line":34,"column":16},"end":{"line":40,"column":17}},"13":{"start":{"line":36,"column":20},"end":{"line":36,"column":36}},"14":{"start":{"line":37,"column":23},"end":{"line":40,"column":17}},"15":{"start":{"line":39,"column":20},"end":{"line":39,"column":32}},"16":{"start":{"line":47,"column":12},"end":{"line":54,"column":13}},"17":{"start":{"line":49,"column":16},"end":{"line":49,"column":37}},"18":{"start":{"line":51,"column":16},"end":{"line":51,"column":68}},"19":{"start":{"line":53,"column":16},"end":{"line":53,"column":56}},"20":{"start":{"line":58,"column":12},"end":{"line":58,"column":81}}},"branchMap":{"1":{"line":20,"type":"if","locations":[{"start":{"line":20,"column":8},"end":{"line":20,"column":8}},{"start":{"line":20,"column":8},"end":{"line":20,"column":8}}]},"2":{"line":20,"type":"binary-expr","locations":[{"start":{"line":20,"column":12},"end":{"line":20,"column":20}},{"start":{"line":20,"column":24},"end":{"line":20,"column":41}},{"start":{"line":20,"column":45},"end":{"line":20,"column":65}}]},"3":{"line":28,"type":"binary-expr","locations":[{"start":{"line":28,"column":19},"end":{"line":28,"column":53}},{"start":{"line":28,"column":57},"end":{"line":28,"column":59}}]},"4":{"line":34,"type":"if","locations":[{"start":{"line":34,"column":16},"end":{"line":34,"column":16}},{"start":{"line":34,"column":16},"end":{"line":34,"column":16}}]},"5":{"line":37,"type":"if","locations":[{"start":{"line":37,"column":23},"end":{"line":37,"column":23}},{"start":{"line":37,"column":23},"end":{"line":37,"column":23}}]}},"code":["/**"," * @overview This plugin creates a summary tag, if missing, from the first sentence in the"," * description."," * @module plugins/summarize"," * @author Mads Bondo Dydensborg <mbd@dbc.dk>"," */","'use strict';","","exports.handlers = {","    /**","     * Autogenerate summaries, if missing, from the description, if present.","     */","    newDoclet: function(e) {","        var endTag;","        var tags;","        var stack;","","        // If the summary is missing, grab the first sentence from the description","        // and use that.","        if (e.doclet && !e.doclet.summary && e.doclet.description) {","            // The summary may end with `.$`, `. `, or `.<` (a period followed by an HTML tag).","            e.doclet.summary = e.doclet.description.split(/\\.$|\\.\\s|\\.</)[0];","            // Append `.` as it was removed in both cases, or is possibly missing.","            e.doclet.summary += '.';","","            // This is an excerpt of something that is possibly HTML.","            // Balance it using a stack. Assume it was initially balanced.","            tags = e.doclet.summary.match(/<[^>]+>/g) || [];","            stack = [];","","            tags.forEach(function(tag) {","                var idx = tag.indexOf('/');","","                if (idx === -1) {","                    // start tag -- push onto the stack","                    stack.push(tag);","                } else if (idx === 1) {","                    // end tag -- pop off of the stack","                    stack.pop();","                }","","                // otherwise, it's a self-closing tag; don't modify the stack","            });","","            // stack should now contain only the start tags that lack end tags,","            // with the most deeply nested start tag at the top","            while (stack.length > 0) {","                // pop the unmatched tag off the stack","                endTag = stack.pop();","                // get just the tag name","                endTag = endTag.substring(1, endTag.search(/[ >]/));","                // append the end tag","                e.doclet.summary += '</' + endTag + '>';","            }","","            // and, finally, if the summary starts and ends with a <p> tag, remove it; let the","            // template decide whether to wrap the summary in a <p> tag","            e.doclet.summary = e.doclet.summary.replace(/^<p>(.*)<\\/p>$/i, '$1');","        }","    }","};",""],"l":{"9":1,"14":0,"15":0,"16":0,"20":0,"22":0,"24":0,"28":0,"29":0,"31":0,"32":0,"34":0,"36":0,"37":0,"39":0,"47":0,"49":0,"51":0,"53":0,"58":0}},"/home/travis/build/npmtest/node-npmtest-jsdoc/node_modules/jsdoc/plugins/underscore.js":{"path":"/home/travis/build/npmtest/node-npmtest-jsdoc/node_modules/jsdoc/plugins/underscore.js","s":{"1":1,"2":0,"3":0,"4":0},"b":{"1":[0,0],"2":[0,0]},"f":{"1":0},"fnMap":{"1":{"name":"(anonymous_1)","line":13,"loc":{"start":{"line":13,"column":15},"end":{"line":13,"column":27}}}},"statementMap":{"1":{"start":{"line":12,"column":0},"end":{"line":21,"column":2}},"2":{"start":{"line":14,"column":8},"end":{"line":14,"column":30}},"3":{"start":{"line":17,"column":8},"end":{"line":19,"column":9}},"4":{"start":{"line":18,"column":12},"end":{"line":18,"column":38}}},"branchMap":{"1":{"line":17,"type":"if","locations":[{"start":{"line":17,"column":8},"end":{"line":17,"column":8}},{"start":{"line":17,"column":8},"end":{"line":17,"column":8}}]},"2":{"line":17,"type":"binary-expr","locations":[{"start":{"line":17,"column":12},"end":{"line":17,"column":41}},{"start":{"line":17,"column":45},"end":{"line":17,"column":82}}]}},"code":["'use strict';","","/**"," * Removes all symbols that begin with an underscore from the doc output. If"," * you're using underscores to denote private variables in modules, this"," * automatically hides them."," *"," * @module plugins/underscore"," * @author Daniel Ellis <coug36@gmail.com>"," */","","exports.handlers = {","    newDoclet: function(e) {","        var doclet = e.doclet;","","        // Ignore comment blocks for all symbols that begin with underscore","        if (doclet.name.charAt(0) === '_' || doclet.name.substr(0, 6) === 'this._') {","            doclet.access = 'private';","        }","    }","};",""],"l":{"12":1,"14":0,"17":0,"18":0}}}